2025-04-28 10:07:04.439 +00:00 [FTL] Application startup exception
System.InvalidOperationException: Unable to resolve service for type 'Serilog.Extensions.Hosting.DiagnosticContext' while attempting to activate 'Serilog.AspNetCore.RequestLoggingMiddleware'.
   at Microsoft.Extensions.Internal.ActivatorUtilities.ConstructorMatcher.CreateInstance(IServiceProvider provider)
   at Microsoft.Extensions.Internal.ActivatorUtilities.CreateInstance(IServiceProvider provider, Type instanceType, Object[] parameters)
   at Microsoft.AspNetCore.Builder.UseMiddlewareExtensions.<>c__DisplayClass5_0.<UseMiddleware>b__0(RequestDelegate next)
   at Microsoft.AspNetCore.Builder.ApplicationBuilder.Build()
   at Microsoft.AspNetCore.Builder.WebApplicationBuilder.<ConfigureApplication>b__27_0(RequestDelegate next)
   at Microsoft.AspNetCore.Builder.ApplicationBuilder.Build()
   at Microsoft.AspNetCore.Hosting.GenericWebHostService.StartAsync(CancellationToken cancellationToken)
2025-04-28 10:16:36.712 +00:00 [FTL] Application startup exception
System.InvalidOperationException: Unable to resolve service for type 'Serilog.Extensions.Hosting.DiagnosticContext' while attempting to activate 'Serilog.AspNetCore.RequestLoggingMiddleware'.
   at Microsoft.Extensions.Internal.ActivatorUtilities.ConstructorMatcher.CreateInstance(IServiceProvider provider)
   at Microsoft.Extensions.Internal.ActivatorUtilities.CreateInstance(IServiceProvider provider, Type instanceType, Object[] parameters)
   at Microsoft.AspNetCore.Builder.UseMiddlewareExtensions.<>c__DisplayClass5_0.<UseMiddleware>b__0(RequestDelegate next)
   at Microsoft.AspNetCore.Builder.ApplicationBuilder.Build()
   at Microsoft.AspNetCore.Builder.WebApplicationBuilder.<ConfigureApplication>b__27_0(RequestDelegate next)
   at Microsoft.AspNetCore.Builder.ApplicationBuilder.Build()
   at Microsoft.AspNetCore.Hosting.GenericWebHostService.StartAsync(CancellationToken cancellationToken)
2025-04-28 10:21:02.987 +00:00 [INF] Now listening on: http://0.0.0.0:8080
2025-04-28 10:21:03.024 +00:00 [INF] Application started. Press Ctrl+C to shut down.
2025-04-28 10:21:03.025 +00:00 [INF] Hosting environment: Development
2025-04-28 10:21:03.025 +00:00 [INF] Content root path: /home/coder/project/workspace/dotnetapp/
2025-04-28 10:21:55.362 +00:00 [INF] Application is shutting down...
2025-04-28 10:21:59.512 +00:00 [INF] Now listening on: http://0.0.0.0:8080
2025-04-28 10:21:59.548 +00:00 [INF] Application started. Press Ctrl+C to shut down.
2025-04-28 10:21:59.548 +00:00 [INF] Hosting environment: Development
2025-04-28 10:21:59.548 +00:00 [INF] Content root path: /home/coder/project/workspace/dotnetapp/
2025-04-28 10:22:13.571 +00:00 [INF] Application is shutting down...
2025-04-28 10:22:17.747 +00:00 [INF] Now listening on: http://0.0.0.0:8080
2025-04-28 10:22:17.790 +00:00 [INF] Application started. Press Ctrl+C to shut down.
2025-04-28 10:22:17.791 +00:00 [INF] Hosting environment: Development
2025-04-28 10:22:17.791 +00:00 [INF] Content root path: /home/coder/project/workspace/dotnetapp/
2025-04-28 10:23:04.076 +00:00 [INF] Request starting HTTP/1.1 GET http://ide-adbeaecaedadefcbfefdfaeebfcdfbcdeff.premiumproject.examly.io/ - -
2025-04-28 10:23:04.159 +00:00 [WRN] Failed to determine the https port for redirect.
2025-04-28 10:23:04.163 +00:00 [INF] HTTP GET / responded 404 in 7.0137 ms
2025-04-28 10:23:04.214 +00:00 [INF] Request finished HTTP/1.1 GET http://ide-adbeaecaedadefcbfefdfaeebfcdfbcdeff.premiumproject.examly.io/ - - - 404 0 - 141.8793ms
2025-04-28 10:23:14.137 +00:00 [INF] Request starting HTTP/1.1 GET http://ide-adbeaecaedadefcbfefdfaeebfcdfbcdeff.premiumproject.examly.io/swagger - -
2025-04-28 10:23:14.140 +00:00 [INF] Request finished HTTP/1.1 GET http://ide-adbeaecaedadefcbfefdfaeebfcdfbcdeff.premiumproject.examly.io/swagger - - - 301 0 - 2.2694ms
2025-04-28 10:23:14.411 +00:00 [INF] Request starting HTTP/1.1 GET http://ide-adbeaecaedadefcbfefdfaeebfcdfbcdeff.premiumproject.examly.io/swagger/index.html - -
2025-04-28 10:23:14.543 +00:00 [INF] Request finished HTTP/1.1 GET http://ide-adbeaecaedadefcbfefdfaeebfcdfbcdeff.premiumproject.examly.io/swagger/index.html - - - 200 - text/html;charset=utf-8 132.0222ms
2025-04-28 10:23:14.877 +00:00 [INF] Request starting HTTP/1.1 GET http://ide-adbeaecaedadefcbfefdfaeebfcdfbcdeff.premiumproject.examly.io/swagger/swagger-ui.css - -
2025-04-28 10:23:14.923 +00:00 [INF] Sending file. Request path: '/swagger-ui.css'. Physical path: 'N/A'
2025-04-28 10:23:14.925 +00:00 [INF] Request finished HTTP/1.1 GET http://ide-adbeaecaedadefcbfefdfaeebfcdfbcdeff.premiumproject.examly.io/swagger/swagger-ui.css - - - 200 143632 text/css 48.0264ms
2025-04-28 10:23:15.686 +00:00 [INF] Request starting HTTP/1.1 GET http://ide-adbeaecaedadefcbfefdfaeebfcdfbcdeff.premiumproject.examly.io/swagger/swagger-ui-standalone-preset.js - -
2025-04-28 10:23:15.772 +00:00 [INF] Sending file. Request path: '/swagger-ui-standalone-preset.js'. Physical path: 'N/A'
2025-04-28 10:23:15.772 +00:00 [INF] Request finished HTTP/1.1 GET http://ide-adbeaecaedadefcbfefdfaeebfcdfbcdeff.premiumproject.examly.io/swagger/swagger-ui-standalone-preset.js - - - 200 337162 application/javascript 86.1108ms
2025-04-28 10:23:15.819 +00:00 [INF] Request starting HTTP/1.1 GET http://ide-adbeaecaedadefcbfefdfaeebfcdfbcdeff.premiumproject.examly.io/swagger/swagger-ui-bundle.js - -
2025-04-28 10:23:15.915 +00:00 [INF] Sending file. Request path: '/swagger-ui-bundle.js'. Physical path: 'N/A'
2025-04-28 10:23:15.915 +00:00 [INF] Request finished HTTP/1.1 GET http://ide-adbeaecaedadefcbfefdfaeebfcdfbcdeff.premiumproject.examly.io/swagger/swagger-ui-bundle.js - - - 200 1092889 application/javascript 96.1237ms
2025-04-28 10:23:17.331 +00:00 [INF] Request starting HTTP/1.1 GET http://ide-adbeaecaedadefcbfefdfaeebfcdfbcdeff.premiumproject.examly.io/swagger/v1/swagger.json - -
2025-04-28 10:23:17.337 +00:00 [INF] Request starting HTTP/1.1 GET http://ide-adbeaecaedadefcbfefdfaeebfcdfbcdeff.premiumproject.examly.io/swagger/favicon-32x32.png - -
2025-04-28 10:23:17.338 +00:00 [INF] Sending file. Request path: '/favicon-32x32.png'. Physical path: 'N/A'
2025-04-28 10:23:17.338 +00:00 [INF] Request finished HTTP/1.1 GET http://ide-adbeaecaedadefcbfefdfaeebfcdfbcdeff.premiumproject.examly.io/swagger/favicon-32x32.png - - - 200 628 image/png 0.4849ms
2025-04-28 10:23:17.391 +00:00 [ERR] An unhandled exception has occurred while executing the request.
Swashbuckle.AspNetCore.SwaggerGen.SwaggerGeneratorException: Ambiguous HTTP method for action - dotnetapp.Controllers.Democontroller.Index (dotnetapp). Actions require an explicit HttpMethod binding for Swagger/OpenAPI 3.0
   at Swashbuckle.AspNetCore.SwaggerGen.SwaggerGenerator.GenerateOperations(IEnumerable`1 apiDescriptions, SchemaRepository schemaRepository)
   at Swashbuckle.AspNetCore.SwaggerGen.SwaggerGenerator.GeneratePaths(IEnumerable`1 apiDescriptions, SchemaRepository schemaRepository)
   at Swashbuckle.AspNetCore.SwaggerGen.SwaggerGenerator.GetSwagger(String documentName, String host, String basePath)
   at Swashbuckle.AspNetCore.Swagger.SwaggerMiddleware.Invoke(HttpContext httpContext, ISwaggerProvider swaggerProvider)
   at Microsoft.AspNetCore.Diagnostics.DeveloperExceptionPageMiddleware.Invoke(HttpContext context)
2025-04-28 10:23:17.402 +00:00 [INF] Request finished HTTP/1.1 GET http://ide-adbeaecaedadefcbfefdfaeebfcdfbcdeff.premiumproject.examly.io/swagger/v1/swagger.json - - - 500 - text/plain;+charset=utf-8 70.2005ms
2025-04-28 10:24:35.107 +00:00 [INF] Application is shutting down...
2025-04-28 10:25:00.301 +00:00 [FTL] Application startup exception
System.InvalidOperationException: Unable to resolve service for type 'Serilog.Extensions.Hosting.DiagnosticContext' while attempting to activate 'Serilog.AspNetCore.RequestLoggingMiddleware'.
   at Microsoft.Extensions.Internal.ActivatorUtilities.ConstructorMatcher.CreateInstance(IServiceProvider provider)
   at Microsoft.Extensions.Internal.ActivatorUtilities.CreateInstance(IServiceProvider provider, Type instanceType, Object[] parameters)
   at Microsoft.AspNetCore.Builder.UseMiddlewareExtensions.<>c__DisplayClass5_0.<UseMiddleware>b__0(RequestDelegate next)
   at Microsoft.AspNetCore.Builder.ApplicationBuilder.Build()
   at Microsoft.AspNetCore.Builder.WebApplicationBuilder.<ConfigureApplication>b__27_0(RequestDelegate next)
   at Microsoft.AspNetCore.Builder.ApplicationBuilder.Build()
   at Microsoft.AspNetCore.Hosting.GenericWebHostService.StartAsync(CancellationToken cancellationToken)
2025-04-28 10:35:08.413 +00:00 [FTL] Application startup exception
System.InvalidOperationException: Unable to resolve service for type 'Serilog.Extensions.Hosting.DiagnosticContext' while attempting to activate 'Serilog.AspNetCore.RequestLoggingMiddleware'.
   at Microsoft.Extensions.Internal.ActivatorUtilities.ConstructorMatcher.CreateInstance(IServiceProvider provider)
   at Microsoft.Extensions.Internal.ActivatorUtilities.CreateInstance(IServiceProvider provider, Type instanceType, Object[] parameters)
   at Microsoft.AspNetCore.Builder.UseMiddlewareExtensions.<>c__DisplayClass5_0.<UseMiddleware>b__0(RequestDelegate next)
   at Microsoft.AspNetCore.Builder.ApplicationBuilder.Build()
   at Microsoft.AspNetCore.Builder.WebApplicationBuilder.<ConfigureApplication>b__27_0(RequestDelegate next)
   at Microsoft.AspNetCore.Builder.ApplicationBuilder.Build()
   at Microsoft.AspNetCore.Hosting.GenericWebHostService.StartAsync(CancellationToken cancellationToken)
2025-04-28 10:36:49.275 +00:00 [FTL] Application startup exception
System.InvalidOperationException: Unable to resolve service for type 'Serilog.Extensions.Hosting.DiagnosticContext' while attempting to activate 'Serilog.AspNetCore.RequestLoggingMiddleware'.
   at Microsoft.Extensions.Internal.ActivatorUtilities.ConstructorMatcher.CreateInstance(IServiceProvider provider)
   at Microsoft.Extensions.Internal.ActivatorUtilities.CreateInstance(IServiceProvider provider, Type instanceType, Object[] parameters)
   at Microsoft.AspNetCore.Builder.UseMiddlewareExtensions.<>c__DisplayClass5_0.<UseMiddleware>b__0(RequestDelegate next)
   at Microsoft.AspNetCore.Builder.ApplicationBuilder.Build()
   at Microsoft.AspNetCore.Builder.WebApplicationBuilder.<ConfigureApplication>b__27_0(RequestDelegate next)
   at Microsoft.AspNetCore.Builder.ApplicationBuilder.Build()
   at Microsoft.AspNetCore.Hosting.GenericWebHostService.StartAsync(CancellationToken cancellationToken)
2025-04-28 10:40:22.139 +00:00 [WRN] No store type was specified for the decimal property 'Balance' on entity type 'Account'. This will cause values to be silently truncated if they do not fit in the default precision and scale. Explicitly specify the SQL server column type that can accommodate all the values in 'OnModelCreating' using 'HasColumnType', specify precision and scale using 'HasPrecision', or configure a value converter using 'HasConversion'.
2025-04-28 10:40:22.169 +00:00 [WRN] No store type was specified for the decimal property 'Amount' on entity type 'Transaction'. This will cause values to be silently truncated if they do not fit in the default precision and scale. Explicitly specify the SQL server column type that can accommodate all the values in 'OnModelCreating' using 'HasColumnType', specify precision and scale using 'HasPrecision', or configure a value converter using 'HasConversion'.
2025-04-28 10:40:22.312 +00:00 [INF] Entity Framework Core 6.0.0 initialized 'ApplicationDbContext' using provider 'Microsoft.EntityFrameworkCore.SqlServer:6.0.0' with options: None
2025-04-28 10:40:22.337 +00:00 [WRN] No store type was specified for the decimal property 'Balance' on entity type 'Account'. This will cause values to be silently truncated if they do not fit in the default precision and scale. Explicitly specify the SQL server column type that can accommodate all the values in 'OnModelCreating' using 'HasColumnType', specify precision and scale using 'HasPrecision', or configure a value converter using 'HasConversion'.
2025-04-28 10:40:22.356 +00:00 [WRN] No store type was specified for the decimal property 'Amount' on entity type 'Transaction'. This will cause values to be silently truncated if they do not fit in the default precision and scale. Explicitly specify the SQL server column type that can accommodate all the values in 'OnModelCreating' using 'HasColumnType', specify precision and scale using 'HasPrecision', or configure a value converter using 'HasConversion'.
2025-04-28 10:40:38.112 +00:00 [WRN] No store type was specified for the decimal property 'Balance' on entity type 'Account'. This will cause values to be silently truncated if they do not fit in the default precision and scale. Explicitly specify the SQL server column type that can accommodate all the values in 'OnModelCreating' using 'HasColumnType', specify precision and scale using 'HasPrecision', or configure a value converter using 'HasConversion'.
2025-04-28 10:40:38.176 +00:00 [WRN] No store type was specified for the decimal property 'Amount' on entity type 'Transaction'. This will cause values to be silently truncated if they do not fit in the default precision and scale. Explicitly specify the SQL server column type that can accommodate all the values in 'OnModelCreating' using 'HasColumnType', specify precision and scale using 'HasPrecision', or configure a value converter using 'HasConversion'.
2025-04-28 10:40:38.320 +00:00 [INF] Entity Framework Core 6.0.0 initialized 'ApplicationDbContext' using provider 'Microsoft.EntityFrameworkCore.SqlServer:6.0.0' with options: None
2025-04-28 10:40:39.494 +00:00 [INF] Executed DbCommand (17ms) [Parameters=[], CommandType='"Text"', CommandTimeout='30']
SELECT 1
2025-04-28 10:40:39.523 +00:00 [INF] Executed DbCommand (15ms) [Parameters=[], CommandType='"Text"', CommandTimeout='30']
SELECT OBJECT_ID(N'[__EFMigrationsHistory]');
2025-04-28 10:40:39.527 +00:00 [INF] Executed DbCommand (2ms) [Parameters=[], CommandType='"Text"', CommandTimeout='30']
SELECT 1
2025-04-28 10:40:39.528 +00:00 [INF] Executed DbCommand (1ms) [Parameters=[], CommandType='"Text"', CommandTimeout='30']
SELECT OBJECT_ID(N'[__EFMigrationsHistory]');
2025-04-28 10:40:39.554 +00:00 [INF] Executed DbCommand (7ms) [Parameters=[], CommandType='"Text"', CommandTimeout='30']
SELECT [MigrationId], [ProductVersion]
FROM [__EFMigrationsHistory]
ORDER BY [MigrationId];
2025-04-28 10:40:39.572 +00:00 [INF] Applying migration '20250428104022_InitialSetup'.
2025-04-28 10:40:39.657 +00:00 [ERR] Failed executing DbCommand (3ms) [Parameters=[], CommandType='"Text"', CommandTimeout='30']
CREATE TABLE [Users] (
    [UserId] int NOT NULL IDENTITY,
    [Email] nvarchar(max) NOT NULL,
    [Password] nvarchar(max) NOT NULL,
    [Username] nvarchar(50) NOT NULL,
    [MobileNumber] nvarchar(max) NOT NULL,
    [UserRole] nvarchar(20) NOT NULL,
    CONSTRAINT [PK_Users] PRIMARY KEY ([UserId])
);
2025-04-28 10:40:49.561 +00:00 [FTL] Application startup exception
System.InvalidOperationException: Unable to resolve service for type 'Serilog.Extensions.Hosting.DiagnosticContext' while attempting to activate 'Serilog.AspNetCore.RequestLoggingMiddleware'.
   at Microsoft.Extensions.Internal.ActivatorUtilities.ConstructorMatcher.CreateInstance(IServiceProvider provider)
   at Microsoft.Extensions.Internal.ActivatorUtilities.CreateInstance(IServiceProvider provider, Type instanceType, Object[] parameters)
   at Microsoft.AspNetCore.Builder.UseMiddlewareExtensions.<>c__DisplayClass5_0.<UseMiddleware>b__0(RequestDelegate next)
   at Microsoft.AspNetCore.Builder.ApplicationBuilder.Build()
   at Microsoft.AspNetCore.Builder.WebApplicationBuilder.<ConfigureApplication>b__27_0(RequestDelegate next)
   at Microsoft.AspNetCore.Builder.ApplicationBuilder.Build()
   at Microsoft.AspNetCore.Hosting.GenericWebHostService.StartAsync(CancellationToken cancellationToken)
2025-04-28 10:42:22.373 +00:00 [FTL] Application startup exception
System.InvalidOperationException: Unable to resolve service for type 'Serilog.Extensions.Hosting.DiagnosticContext' while attempting to activate 'Serilog.AspNetCore.RequestLoggingMiddleware'.
   at Microsoft.Extensions.Internal.ActivatorUtilities.ConstructorMatcher.CreateInstance(IServiceProvider provider)
   at Microsoft.Extensions.Internal.ActivatorUtilities.CreateInstance(IServiceProvider provider, Type instanceType, Object[] parameters)
   at Microsoft.AspNetCore.Builder.UseMiddlewareExtensions.<>c__DisplayClass5_0.<UseMiddleware>b__0(RequestDelegate next)
   at Microsoft.AspNetCore.Builder.ApplicationBuilder.Build()
   at Microsoft.AspNetCore.Builder.WebApplicationBuilder.<ConfigureApplication>b__27_0(RequestDelegate next)
   at Microsoft.AspNetCore.Builder.ApplicationBuilder.Build()
   at Microsoft.AspNetCore.Hosting.GenericWebHostService.StartAsync(CancellationToken cancellationToken)
2025-04-28 12:45:46.872 +00:00 [INF] Now listening on: http://0.0.0.0:8080
2025-04-28 12:45:46.901 +00:00 [INF] Application started. Press Ctrl+C to shut down.
2025-04-28 12:45:46.901 +00:00 [INF] Hosting environment: Development
2025-04-28 12:45:46.901 +00:00 [INF] Content root path: /home/coder/project/workspace/dotnetapp/
2025-04-28 12:46:00.318 +00:00 [INF] Request starting HTTP/1.1 GET http://8080-adbeaecaedadefcbfefdfaeebfcdfbcdeff.premiumproject.examly.io/swagger/index.html - -
2025-04-28 12:46:00.466 +00:00 [INF] Request finished HTTP/1.1 GET http://8080-adbeaecaedadefcbfefdfaeebfcdfbcdeff.premiumproject.examly.io/swagger/index.html - - - 200 - text/html;charset=utf-8 150.9465ms
2025-04-28 12:46:00.778 +00:00 [INF] Request starting HTTP/1.1 GET http://8080-adbeaecaedadefcbfefdfaeebfcdfbcdeff.premiumproject.examly.io/swagger/v1/swagger.json - -
2025-04-28 12:46:00.827 +00:00 [ERR] An unhandled exception has occurred while executing the request.
Swashbuckle.AspNetCore.SwaggerGen.SwaggerGeneratorException: Ambiguous HTTP method for action - dotnetapp.Controllers.Democontroller.Index (dotnetapp). Actions require an explicit HttpMethod binding for Swagger/OpenAPI 3.0
   at Swashbuckle.AspNetCore.SwaggerGen.SwaggerGenerator.GenerateOperations(IEnumerable`1 apiDescriptions, SchemaRepository schemaRepository)
   at Swashbuckle.AspNetCore.SwaggerGen.SwaggerGenerator.GeneratePaths(IEnumerable`1 apiDescriptions, SchemaRepository schemaRepository)
   at Swashbuckle.AspNetCore.SwaggerGen.SwaggerGenerator.GetSwagger(String documentName, String host, String basePath)
   at Swashbuckle.AspNetCore.Swagger.SwaggerMiddleware.Invoke(HttpContext httpContext, ISwaggerProvider swaggerProvider)
   at Microsoft.AspNetCore.Diagnostics.DeveloperExceptionPageMiddleware.Invoke(HttpContext context)
2025-04-28 12:46:00.835 +00:00 [INF] Request finished HTTP/1.1 GET http://8080-adbeaecaedadefcbfefdfaeebfcdfbcdeff.premiumproject.examly.io/swagger/v1/swagger.json - - - 500 - text/plain;+charset=utf-8 56.8107ms
2025-04-28 12:48:51.389 +00:00 [INF] Application is shutting down...
2025-04-28 12:48:55.870 +00:00 [INF] Now listening on: http://0.0.0.0:8080
2025-04-28 12:48:55.898 +00:00 [INF] Application started. Press Ctrl+C to shut down.
2025-04-28 12:48:55.899 +00:00 [INF] Hosting environment: Development
2025-04-28 12:48:55.899 +00:00 [INF] Content root path: /home/coder/project/workspace/dotnetapp/
2025-04-28 12:49:01.736 +00:00 [INF] Request starting HTTP/1.1 GET http://8080-adbeaecaedadefcbfefdfaeebfcdfbcdeff.premiumproject.examly.io/swagger/index.html - -
2025-04-28 12:49:01.880 +00:00 [INF] Request finished HTTP/1.1 GET http://8080-adbeaecaedadefcbfefdfaeebfcdfbcdeff.premiumproject.examly.io/swagger/index.html - - - 200 - text/html;charset=utf-8 146.2562ms
2025-04-28 12:49:02.203 +00:00 [INF] Request starting HTTP/1.1 GET http://8080-adbeaecaedadefcbfefdfaeebfcdfbcdeff.premiumproject.examly.io/swagger/v1/swagger.json - -
2025-04-28 12:49:02.270 +00:00 [INF] Request finished HTTP/1.1 GET http://8080-adbeaecaedadefcbfefdfaeebfcdfbcdeff.premiumproject.examly.io/swagger/v1/swagger.json - - - 200 - application/json;charset=utf-8 66.8349ms
2025-04-28 13:00:24.241 +00:00 [INF] Application is shutting down...
