2025-05-06 00:51:40.026 +00:00 [INF] User profile is available. Using '/home/coder/.aspnet/DataProtection-Keys' as key repository; keys will not be encrypted at rest.
2025-05-06 00:51:40.067 +00:00 [INF] Creating key {26b0a67e-9090-49e5-b86f-2f7cb43132c3} with creation date 2025-05-06 00:51:40Z, activation date 2025-05-06 00:51:40Z, and expiration date 2025-08-04 00:51:40Z.
2025-05-06 00:51:40.076 +00:00 [WRN] No XML encryptor configured. Key {26b0a67e-9090-49e5-b86f-2f7cb43132c3} may be persisted to storage in unencrypted form.
2025-05-06 00:51:40.079 +00:00 [INF] Writing data to file '/home/coder/.aspnet/DataProtection-Keys/key-26b0a67e-9090-49e5-b86f-2f7cb43132c3.xml'.
2025-05-06 00:51:40.129 +00:00 [INF] Now listening on: http://0.0.0.0:8080
2025-05-06 00:51:40.133 +00:00 [INF] Application started. Press Ctrl+C to shut down.
2025-05-06 00:51:40.134 +00:00 [INF] Hosting environment: Development
2025-05-06 00:51:40.134 +00:00 [INF] Content root path: /home/coder/project/workspace/dotnetapp/
2025-05-06 01:00:06.523 +00:00 [INF] Request starting HTTP/1.1 OPTIONS http://8080-aaaecbbaabdabcdaaadefcbfefdfaeebfcdfbcdeff.premiumproject.examly.io/api/login - -
2025-05-06 01:00:06.567 +00:00 [WRN] Failed to determine the https port for redirect.
2025-05-06 01:00:06.568 +00:00 [INF] CORS policy execution successful.
2025-05-06 01:00:06.571 +00:00 [INF] HTTP OPTIONS /api/login responded 204 in 6.4181 ms
2025-05-06 01:00:06.577 +00:00 [INF] Request finished HTTP/1.1 OPTIONS http://8080-aaaecbbaabdabcdaaadefcbfefdfaeebfcdfbcdeff.premiumproject.examly.io/api/login - - - 204 - - 56.5989ms
2025-05-06 01:00:07.123 +00:00 [INF] Request starting HTTP/1.1 POST http://8080-aaaecbbaabdabcdaaadefcbfefdfaeebfcdfbcdeff.premiumproject.examly.io/api/login application/json 50
2025-05-06 01:00:07.124 +00:00 [INF] CORS policy execution successful.
2025-05-06 01:00:07.147 +00:00 [INF] Executing endpoint 'dotnetapp.Controllers.AuthenticationController.Login (dotnetapp)'
2025-05-06 01:00:07.180 +00:00 [INF] Route matched with {action = "Login", controller = "Authentication"}. Executing controller action with signature System.Threading.Tasks.Task`1[Microsoft.AspNetCore.Mvc.IActionResult] Login(dotnetapp.Models.LoginModel) on controller dotnetapp.Controllers.AuthenticationController (dotnetapp).
2025-05-06 01:00:07.311 +00:00 [INF] Login attempt for email: deepu@gmail.com
2025-05-06 01:00:07.315 +00:00 [INF] Login process started for email: deepu@gmail.com
2025-05-06 01:00:07.875 +00:00 [WRN] No store type was specified for the decimal property 'Balance' on entity type 'Account'. This will cause values to be silently truncated if they do not fit in the default precision and scale. Explicitly specify the SQL server column type that can accommodate all the values in 'OnModelCreating' using 'HasColumnType', specify precision and scale using 'HasPrecision', or configure a value converter using 'HasConversion'.
2025-05-06 01:00:07.875 +00:00 [WRN] No store type was specified for the decimal property 'Amount' on entity type 'Transaction'. This will cause values to be silently truncated if they do not fit in the default precision and scale. Explicitly specify the SQL server column type that can accommodate all the values in 'OnModelCreating' using 'HasColumnType', specify precision and scale using 'HasPrecision', or configure a value converter using 'HasConversion'.
2025-05-06 01:00:08.010 +00:00 [INF] Entity Framework Core 6.0.0 initialized 'ApplicationDbContext' using provider 'Microsoft.EntityFrameworkCore.SqlServer:6.0.0' with options: None
2025-05-06 01:00:08.572 +00:00 [INF] Executed DbCommand (47ms) [Parameters=[@__model_Email_0='?' (Size = 254)], CommandType='"Text"', CommandTimeout='30']
SELECT TOP(1) [u].[UserId], [u].[Email], [u].[MobileNumber], [u].[Password], [u].[UserRole], [u].[Username]
FROM [Users] AS [u]
WHERE [u].[Email] = @__model_Email_0
2025-05-06 01:00:08.811 +00:00 [WRN] Invalid password for email: deepu@gmail.com
2025-05-06 01:00:08.812 +00:00 [WRN] Login failed for email: deepu@gmail.com. Reason: Invalid email or password.
2025-05-06 01:00:08.815 +00:00 [INF] Executing UnauthorizedObjectResult, writing value of type '<>f__AnonymousType2`1[[System.String, System.Private.CoreLib, Version=6.0.0.0, Culture=neutral, PublicKeyToken=7cec85d7bea7798e]]'.
2025-05-06 01:00:08.841 +00:00 [INF] Executed action dotnetapp.Controllers.AuthenticationController.Login (dotnetapp) in 1657.203ms
2025-05-06 01:00:08.842 +00:00 [INF] Executed endpoint 'dotnetapp.Controllers.AuthenticationController.Login (dotnetapp)'
2025-05-06 01:00:08.842 +00:00 [INF] HTTP POST /api/login responded 401 in 1718.4783 ms
2025-05-06 01:00:08.846 +00:00 [INF] Request finished HTTP/1.1 POST http://8080-aaaecbbaabdabcdaaadefcbfefdfaeebfcdfbcdeff.premiumproject.examly.io/api/login application/json 50 - 401 - application/json;+charset=utf-8 1723.0620ms
2025-05-06 01:00:10.184 +00:00 [INF] Request starting HTTP/1.1 POST http://8080-aaaecbbaabdabcdaaadefcbfefdfaeebfcdfbcdeff.premiumproject.examly.io/api/login application/json 50
2025-05-06 01:00:10.185 +00:00 [INF] CORS policy execution successful.
2025-05-06 01:00:10.186 +00:00 [INF] Executing endpoint 'dotnetapp.Controllers.AuthenticationController.Login (dotnetapp)'
2025-05-06 01:00:10.186 +00:00 [INF] Route matched with {action = "Login", controller = "Authentication"}. Executing controller action with signature System.Threading.Tasks.Task`1[Microsoft.AspNetCore.Mvc.IActionResult] Login(dotnetapp.Models.LoginModel) on controller dotnetapp.Controllers.AuthenticationController (dotnetapp).
2025-05-06 01:00:10.192 +00:00 [INF] Login attempt for email: deepu@gmail.com
2025-05-06 01:00:10.192 +00:00 [INF] Login process started for email: deepu@gmail.com
2025-05-06 01:00:10.193 +00:00 [INF] Entity Framework Core 6.0.0 initialized 'ApplicationDbContext' using provider 'Microsoft.EntityFrameworkCore.SqlServer:6.0.0' with options: None
2025-05-06 01:00:10.198 +00:00 [INF] Executed DbCommand (2ms) [Parameters=[@__model_Email_0='?' (Size = 254)], CommandType='"Text"', CommandTimeout='30']
SELECT TOP(1) [u].[UserId], [u].[Email], [u].[MobileNumber], [u].[Password], [u].[UserRole], [u].[Username]
FROM [Users] AS [u]
WHERE [u].[Email] = @__model_Email_0
2025-05-06 01:00:10.367 +00:00 [WRN] Invalid password for email: deepu@gmail.com
2025-05-06 01:00:10.367 +00:00 [WRN] Login failed for email: deepu@gmail.com. Reason: Invalid email or password.
2025-05-06 01:00:10.367 +00:00 [INF] Executing UnauthorizedObjectResult, writing value of type '<>f__AnonymousType2`1[[System.String, System.Private.CoreLib, Version=6.0.0.0, Culture=neutral, PublicKeyToken=7cec85d7bea7798e]]'.
2025-05-06 01:00:10.368 +00:00 [INF] Executed action dotnetapp.Controllers.AuthenticationController.Login (dotnetapp) in 181.9351ms
2025-05-06 01:00:10.368 +00:00 [INF] Executed endpoint 'dotnetapp.Controllers.AuthenticationController.Login (dotnetapp)'
2025-05-06 01:00:10.368 +00:00 [INF] HTTP POST /api/login responded 401 in 183.0701 ms
2025-05-06 01:00:10.368 +00:00 [INF] Request finished HTTP/1.1 POST http://8080-aaaecbbaabdabcdaaadefcbfefdfaeebfcdfbcdeff.premiumproject.examly.io/api/login application/json 50 - 401 - application/json;+charset=utf-8 184.0880ms
2025-05-06 01:00:18.099 +00:00 [INF] Request starting HTTP/1.1 OPTIONS http://8080-aaaecbbaabdabcdaaadefcbfefdfaeebfcdfbcdeff.premiumproject.examly.io/api/login - -
2025-05-06 01:00:18.099 +00:00 [INF] CORS policy execution successful.
2025-05-06 01:00:18.099 +00:00 [INF] HTTP OPTIONS /api/login responded 204 in 0.2508 ms
2025-05-06 01:00:18.099 +00:00 [INF] Request finished HTTP/1.1 OPTIONS http://8080-aaaecbbaabdabcdaaadefcbfefdfaeebfcdfbcdeff.premiumproject.examly.io/api/login - - - 204 - - 0.6397ms
2025-05-06 01:00:18.621 +00:00 [INF] Request starting HTTP/1.1 POST http://8080-aaaecbbaabdabcdaaadefcbfefdfaeebfcdfbcdeff.premiumproject.examly.io/api/login application/json 49
2025-05-06 01:00:18.621 +00:00 [INF] CORS policy execution successful.
2025-05-06 01:00:18.623 +00:00 [INF] Executing endpoint 'dotnetapp.Controllers.AuthenticationController.Login (dotnetapp)'
2025-05-06 01:00:18.623 +00:00 [INF] Route matched with {action = "Login", controller = "Authentication"}. Executing controller action with signature System.Threading.Tasks.Task`1[Microsoft.AspNetCore.Mvc.IActionResult] Login(dotnetapp.Models.LoginModel) on controller dotnetapp.Controllers.AuthenticationController (dotnetapp).
2025-05-06 01:00:18.626 +00:00 [INF] Login attempt for email: deepu@gmail.com
2025-05-06 01:00:18.626 +00:00 [INF] Login process started for email: deepu@gmail.com
2025-05-06 01:00:18.674 +00:00 [INF] Entity Framework Core 6.0.0 initialized 'ApplicationDbContext' using provider 'Microsoft.EntityFrameworkCore.SqlServer:6.0.0' with options: None
2025-05-06 01:00:18.676 +00:00 [INF] Executed DbCommand (1ms) [Parameters=[@__model_Email_0='?' (Size = 254)], CommandType='"Text"', CommandTimeout='30']
SELECT TOP(1) [u].[UserId], [u].[Email], [u].[MobileNumber], [u].[Password], [u].[UserRole], [u].[Username]
FROM [Users] AS [u]
WHERE [u].[Email] = @__model_Email_0
2025-05-06 01:00:18.846 +00:00 [WRN] Invalid password for email: deepu@gmail.com
2025-05-06 01:00:18.846 +00:00 [WRN] Login failed for email: deepu@gmail.com. Reason: Invalid email or password.
2025-05-06 01:00:18.846 +00:00 [INF] Executing UnauthorizedObjectResult, writing value of type '<>f__AnonymousType2`1[[System.String, System.Private.CoreLib, Version=6.0.0.0, Culture=neutral, PublicKeyToken=7cec85d7bea7798e]]'.
2025-05-06 01:00:18.846 +00:00 [INF] Executed action dotnetapp.Controllers.AuthenticationController.Login (dotnetapp) in 222.8264ms
2025-05-06 01:00:18.846 +00:00 [INF] Executed endpoint 'dotnetapp.Controllers.AuthenticationController.Login (dotnetapp)'
2025-05-06 01:00:18.846 +00:00 [INF] HTTP POST /api/login responded 401 in 225.3189 ms
2025-05-06 01:00:18.846 +00:00 [INF] Request finished HTTP/1.1 POST http://8080-aaaecbbaabdabcdaaadefcbfefdfaeebfcdfbcdeff.premiumproject.examly.io/api/login application/json 49 - 401 - application/json;+charset=utf-8 225.6452ms
2025-05-06 01:00:23.052 +00:00 [INF] Request starting HTTP/1.1 POST http://8080-aaaecbbaabdabcdaaadefcbfefdfaeebfcdfbcdeff.premiumproject.examly.io/api/login application/json 49
2025-05-06 01:00:23.053 +00:00 [INF] CORS policy execution successful.
2025-05-06 01:00:23.053 +00:00 [INF] Executing endpoint 'dotnetapp.Controllers.AuthenticationController.Login (dotnetapp)'
2025-05-06 01:00:23.053 +00:00 [INF] Route matched with {action = "Login", controller = "Authentication"}. Executing controller action with signature System.Threading.Tasks.Task`1[Microsoft.AspNetCore.Mvc.IActionResult] Login(dotnetapp.Models.LoginModel) on controller dotnetapp.Controllers.AuthenticationController (dotnetapp).
2025-05-06 01:00:23.054 +00:00 [INF] Login attempt for email: deepu@gmail.com
2025-05-06 01:00:23.054 +00:00 [INF] Login process started for email: deepu@gmail.com
2025-05-06 01:00:23.054 +00:00 [INF] Entity Framework Core 6.0.0 initialized 'ApplicationDbContext' using provider 'Microsoft.EntityFrameworkCore.SqlServer:6.0.0' with options: None
2025-05-06 01:00:23.056 +00:00 [INF] Executed DbCommand (1ms) [Parameters=[@__model_Email_0='?' (Size = 254)], CommandType='"Text"', CommandTimeout='30']
SELECT TOP(1) [u].[UserId], [u].[Email], [u].[MobileNumber], [u].[Password], [u].[UserRole], [u].[Username]
FROM [Users] AS [u]
WHERE [u].[Email] = @__model_Email_0
2025-05-06 01:00:23.225 +00:00 [WRN] Invalid password for email: deepu@gmail.com
2025-05-06 01:00:23.225 +00:00 [WRN] Login failed for email: deepu@gmail.com. Reason: Invalid email or password.
2025-05-06 01:00:23.225 +00:00 [INF] Executing UnauthorizedObjectResult, writing value of type '<>f__AnonymousType2`1[[System.String, System.Private.CoreLib, Version=6.0.0.0, Culture=neutral, PublicKeyToken=7cec85d7bea7798e]]'.
2025-05-06 01:00:23.225 +00:00 [INF] Executed action dotnetapp.Controllers.AuthenticationController.Login (dotnetapp) in 172.0209ms
2025-05-06 01:00:23.225 +00:00 [INF] Executed endpoint 'dotnetapp.Controllers.AuthenticationController.Login (dotnetapp)'
2025-05-06 01:00:23.225 +00:00 [INF] HTTP POST /api/login responded 401 in 172.4200 ms
2025-05-06 01:00:23.225 +00:00 [INF] Request finished HTTP/1.1 POST http://8080-aaaecbbaabdabcdaaadefcbfefdfaeebfcdfbcdeff.premiumproject.examly.io/api/login application/json 49 - 401 - application/json;+charset=utf-8 172.7998ms
2025-05-06 01:00:43.700 +00:00 [INF] Request starting HTTP/1.1 OPTIONS http://8080-aaaecbbaabdabcdaaadefcbfefdfaeebfcdfbcdeff.premiumproject.examly.io/api/login - -
2025-05-06 01:00:43.700 +00:00 [INF] CORS policy execution successful.
2025-05-06 01:00:43.700 +00:00 [INF] HTTP OPTIONS /api/login responded 204 in 0.0961 ms
2025-05-06 01:00:43.700 +00:00 [INF] Request finished HTTP/1.1 OPTIONS http://8080-aaaecbbaabdabcdaaadefcbfefdfaeebfcdfbcdeff.premiumproject.examly.io/api/login - - - 204 - - 0.3986ms
2025-05-06 01:00:44.226 +00:00 [INF] Request starting HTTP/1.1 POST http://8080-aaaecbbaabdabcdaaadefcbfefdfaeebfcdfbcdeff.premiumproject.examly.io/api/login application/json 53
2025-05-06 01:00:44.227 +00:00 [INF] CORS policy execution successful.
2025-05-06 01:00:44.227 +00:00 [INF] Executing endpoint 'dotnetapp.Controllers.AuthenticationController.Login (dotnetapp)'
2025-05-06 01:00:44.227 +00:00 [INF] Route matched with {action = "Login", controller = "Authentication"}. Executing controller action with signature System.Threading.Tasks.Task`1[Microsoft.AspNetCore.Mvc.IActionResult] Login(dotnetapp.Models.LoginModel) on controller dotnetapp.Controllers.AuthenticationController (dotnetapp).
2025-05-06 01:00:44.227 +00:00 [INF] Login attempt for email: ritesh@gmail.com
2025-05-06 01:00:44.228 +00:00 [INF] Login process started for email: ritesh@gmail.com
2025-05-06 01:00:44.228 +00:00 [INF] Entity Framework Core 6.0.0 initialized 'ApplicationDbContext' using provider 'Microsoft.EntityFrameworkCore.SqlServer:6.0.0' with options: None
2025-05-06 01:00:44.230 +00:00 [INF] Executed DbCommand (1ms) [Parameters=[@__model_Email_0='?' (Size = 254)], CommandType='"Text"', CommandTimeout='30']
SELECT TOP(1) [u].[UserId], [u].[Email], [u].[MobileNumber], [u].[Password], [u].[UserRole], [u].[Username]
FROM [Users] AS [u]
WHERE [u].[Email] = @__model_Email_0
2025-05-06 01:00:44.403 +00:00 [INF] Token generated successfully.
2025-05-06 01:00:44.472 +00:00 [INF] Login successful for email: ritesh@gmail.com
2025-05-06 01:00:44.472 +00:00 [INF] Login successful for email: ritesh@gmail.com. Token issued.
2025-05-06 01:00:44.472 +00:00 [INF] Executing OkObjectResult, writing value of type '<>f__AnonymousType3`1[[System.String, System.Private.CoreLib, Version=6.0.0.0, Culture=neutral, PublicKeyToken=7cec85d7bea7798e]]'.
2025-05-06 01:00:44.473 +00:00 [INF] Executed action dotnetapp.Controllers.AuthenticationController.Login (dotnetapp) in 245.7976ms
2025-05-06 01:00:44.473 +00:00 [INF] Executed endpoint 'dotnetapp.Controllers.AuthenticationController.Login (dotnetapp)'
2025-05-06 01:00:44.473 +00:00 [INF] HTTP POST /api/login responded 200 in 246.2434 ms
2025-05-06 01:00:44.473 +00:00 [INF] Request finished HTTP/1.1 POST http://8080-aaaecbbaabdabcdaaadefcbfefdfaeebfcdfbcdeff.premiumproject.examly.io/api/login application/json 53 - 200 - application/json;+charset=utf-8 246.6299ms
2025-05-06 01:00:55.533 +00:00 [INF] Request starting HTTP/1.1 OPTIONS http://8080-aaaecbbaabdabcdaaadefcbfefdfaeebfcdfbcdeff.premiumproject.examly.io/api/Feedback - -
2025-05-06 01:00:55.534 +00:00 [INF] CORS policy execution successful.
2025-05-06 01:00:55.534 +00:00 [INF] HTTP OPTIONS /api/Feedback responded 204 in 0.1099 ms
2025-05-06 01:00:55.534 +00:00 [INF] Request finished HTTP/1.1 OPTIONS http://8080-aaaecbbaabdabcdaaadefcbfefdfaeebfcdfbcdeff.premiumproject.examly.io/api/Feedback - - - 204 - - 0.4126ms
2025-05-06 01:00:55.789 +00:00 [INF] Request starting HTTP/1.1 GET http://8080-aaaecbbaabdabcdaaadefcbfefdfaeebfcdfbcdeff.premiumproject.examly.io/api/Feedback - -
2025-05-06 01:00:55.796 +00:00 [INF] CORS policy execution successful.
2025-05-06 01:00:55.846 +00:00 [INF] Executing endpoint 'dotnetapp.Controllers.FeedbackController.GetAllFeedbacks (dotnetapp)'
2025-05-06 01:00:55.849 +00:00 [INF] Route matched with {action = "GetAllFeedbacks", controller = "Feedback"}. Executing controller action with signature System.Threading.Tasks.Task`1[Microsoft.AspNetCore.Mvc.ActionResult`1[System.Collections.Generic.IEnumerable`1[dotnetapp.Models.Feedback]]] GetAllFeedbacks() on controller dotnetapp.Controllers.FeedbackController (dotnetapp).
2025-05-06 01:00:55.851 +00:00 [INF] Entity Framework Core 6.0.0 initialized 'ApplicationDbContext' using provider 'Microsoft.EntityFrameworkCore.SqlServer:6.0.0' with options: None
2025-05-06 01:00:55.897 +00:00 [INF] Executed DbCommand (4ms) [Parameters=[], CommandType='"Text"', CommandTimeout='30']
SELECT [f].[FeedbackId], [f].[Comments], [f].[DateProvided], [f].[UserId], [u].[UserId], [u].[Email], [u].[MobileNumber], [u].[Password], [u].[UserRole], [u].[Username]
FROM [Feedbacks] AS [f]
INNER JOIN [Users] AS [u] ON [f].[UserId] = [u].[UserId]
2025-05-06 01:00:55.915 +00:00 [INF] Executing OkObjectResult, writing value of type 'System.Collections.Generic.List`1[[dotnetapp.Models.Feedback, dotnetapp, Version=1.0.0.0, Culture=neutral, PublicKeyToken=null]]'.
2025-05-06 01:00:55.924 +00:00 [INF] Executed action dotnetapp.Controllers.FeedbackController.GetAllFeedbacks (dotnetapp) in 75.5686ms
2025-05-06 01:00:55.924 +00:00 [INF] Executed endpoint 'dotnetapp.Controllers.FeedbackController.GetAllFeedbacks (dotnetapp)'
2025-05-06 01:00:55.925 +00:00 [INF] HTTP GET /api/Feedback responded 200 in 128.8990 ms
2025-05-06 01:00:55.925 +00:00 [INF] Request finished HTTP/1.1 GET http://8080-aaaecbbaabdabcdaaadefcbfefdfaeebfcdfbcdeff.premiumproject.examly.io/api/Feedback - - - 200 - application/json;+charset=utf-8 135.8626ms
2025-05-06 01:01:01.432 +00:00 [INF] Request starting HTTP/1.1 OPTIONS http://8080-aaaecbbaabdabcdaaadefcbfefdfaeebfcdfbcdeff.premiumproject.examly.io/api/transaction - -
2025-05-06 01:01:01.432 +00:00 [INF] CORS policy execution successful.
2025-05-06 01:01:01.432 +00:00 [INF] HTTP OPTIONS /api/transaction responded 204 in 0.0911 ms
2025-05-06 01:01:01.432 +00:00 [INF] Request finished HTTP/1.1 OPTIONS http://8080-aaaecbbaabdabcdaaadefcbfefdfaeebfcdfbcdeff.premiumproject.examly.io/api/transaction - - - 204 - - 0.3635ms
2025-05-06 01:01:01.687 +00:00 [INF] Request starting HTTP/1.1 GET http://8080-aaaecbbaabdabcdaaadefcbfefdfaeebfcdfbcdeff.premiumproject.examly.io/api/transaction - -
2025-05-06 01:01:01.687 +00:00 [INF] CORS policy execution successful.
2025-05-06 01:01:01.688 +00:00 [INF] Executing endpoint 'dotnetapp.Controllers.TransactionController.GetTransactions (dotnetapp)'
2025-05-06 01:01:01.689 +00:00 [INF] Route matched with {action = "GetTransactions", controller = "Transaction"}. Executing controller action with signature Microsoft.AspNetCore.Mvc.IActionResult GetTransactions() on controller dotnetapp.Controllers.TransactionController (dotnetapp).
2025-05-06 01:01:01.690 +00:00 [INF] Entity Framework Core 6.0.0 initialized 'ApplicationDbContext' using provider 'Microsoft.EntityFrameworkCore.SqlServer:6.0.0' with options: None
2025-05-06 01:01:01.705 +00:00 [INF] Executed DbCommand (3ms) [Parameters=[], CommandType='"Text"', CommandTimeout='30']
SELECT [t].[TransactionId], [t].[AccountId], [t].[Amount], [t].[Description], [t].[Status], [t].[TransactionDate], [t].[TransactionType], [a].[AccountId], [a].[AccountHolderName], [a].[AccountType], [a].[Balance], [a].[DateCreated], [a].[LastUpdated], [a].[ProofOfIdentity], [a].[Status], [a].[UserId]
FROM [Transactions] AS [t]
INNER JOIN [Accounts] AS [a] ON [t].[AccountId] = [a].[AccountId]
2025-05-06 01:01:01.735 +00:00 [INF] Retrieved 2 transactions successfully.
2025-05-06 01:01:01.735 +00:00 [INF] Executing OkObjectResult, writing value of type 'System.Collections.Generic.List`1[[dotnetapp.Models.Transaction, dotnetapp, Version=1.0.0.0, Culture=neutral, PublicKeyToken=null]]'.
2025-05-06 01:01:01.743 +00:00 [INF] Executed action dotnetapp.Controllers.TransactionController.GetTransactions (dotnetapp) in 53.8845ms
2025-05-06 01:01:01.743 +00:00 [INF] Executed endpoint 'dotnetapp.Controllers.TransactionController.GetTransactions (dotnetapp)'
2025-05-06 01:01:01.743 +00:00 [INF] HTTP GET /api/transaction responded 200 in 56.3136 ms
2025-05-06 01:01:01.743 +00:00 [INF] Request finished HTTP/1.1 GET http://8080-aaaecbbaabdabcdaaadefcbfefdfaeebfcdfbcdeff.premiumproject.examly.io/api/transaction - - - 200 - application/json;+charset=utf-8 56.6808ms
2025-05-06 01:01:04.638 +00:00 [INF] Request starting HTTP/1.1 OPTIONS http://8080-aaaecbbaabdabcdaaadefcbfefdfaeebfcdfbcdeff.premiumproject.examly.io/api/account - -
2025-05-06 01:01:04.638 +00:00 [INF] CORS policy execution successful.
2025-05-06 01:01:04.638 +00:00 [INF] HTTP OPTIONS /api/account responded 204 in 0.0891 ms
2025-05-06 01:01:04.638 +00:00 [INF] Request finished HTTP/1.1 OPTIONS http://8080-aaaecbbaabdabcdaaadefcbfefdfaeebfcdfbcdeff.premiumproject.examly.io/api/account - - - 204 - - 0.3951ms
2025-05-06 01:01:04.894 +00:00 [INF] Request starting HTTP/1.1 GET http://8080-aaaecbbaabdabcdaaadefcbfefdfaeebfcdfbcdeff.premiumproject.examly.io/api/account - -
2025-05-06 01:01:04.894 +00:00 [INF] CORS policy execution successful.
2025-05-06 01:01:04.895 +00:00 [INF] Executing endpoint 'dotnetapp.Controllers.AccountController.GetAllAccounts (dotnetapp)'
2025-05-06 01:01:04.896 +00:00 [INF] Route matched with {action = "GetAllAccounts", controller = "Account"}. Executing controller action with signature Microsoft.AspNetCore.Mvc.IActionResult GetAllAccounts() on controller dotnetapp.Controllers.AccountController (dotnetapp).
2025-05-06 01:01:04.897 +00:00 [INF] Entity Framework Core 6.0.0 initialized 'ApplicationDbContext' using provider 'Microsoft.EntityFrameworkCore.SqlServer:6.0.0' with options: None
2025-05-06 01:01:04.902 +00:00 [INF] Executed DbCommand (1ms) [Parameters=[], CommandType='"Text"', CommandTimeout='30']
SELECT [a].[AccountId], [a].[AccountHolderName], [a].[AccountType], [a].[Balance], [a].[DateCreated], [a].[LastUpdated], [a].[ProofOfIdentity], [a].[Status], [a].[UserId]
FROM [Accounts] AS [a]
2025-05-06 01:01:04.903 +00:00 [INF] Executing OkObjectResult, writing value of type 'System.Collections.Generic.List`1[[dotnetapp.Models.Account, dotnetapp, Version=1.0.0.0, Culture=neutral, PublicKeyToken=null]]'.
2025-05-06 01:01:04.903 +00:00 [INF] Executed action dotnetapp.Controllers.AccountController.GetAllAccounts (dotnetapp) in 6.813ms
2025-05-06 01:01:04.903 +00:00 [INF] Executed endpoint 'dotnetapp.Controllers.AccountController.GetAllAccounts (dotnetapp)'
2025-05-06 01:01:04.903 +00:00 [INF] HTTP GET /api/account responded 200 in 8.8883 ms
2025-05-06 01:01:04.903 +00:00 [INF] Request finished HTTP/1.1 GET http://8080-aaaecbbaabdabcdaaadefcbfefdfaeebfcdfbcdeff.premiumproject.examly.io/api/account - - - 200 - application/json;+charset=utf-8 9.1825ms
2025-05-06 01:01:14.450 +00:00 [INF] Request starting HTTP/1.1 OPTIONS http://8080-aaaecbbaabdabcdaaadefcbfefdfaeebfcdfbcdeff.premiumproject.examly.io/api/account - -
2025-05-06 01:01:14.450 +00:00 [INF] CORS policy execution successful.
2025-05-06 01:01:14.450 +00:00 [INF] HTTP OPTIONS /api/account responded 204 in 0.1054 ms
2025-05-06 01:01:14.450 +00:00 [INF] Request finished HTTP/1.1 OPTIONS http://8080-aaaecbbaabdabcdaaadefcbfefdfaeebfcdfbcdeff.premiumproject.examly.io/api/account - - - 204 - - 0.4702ms
2025-05-06 01:01:14.709 +00:00 [INF] Request starting HTTP/1.1 GET http://8080-aaaecbbaabdabcdaaadefcbfefdfaeebfcdfbcdeff.premiumproject.examly.io/api/account - -
2025-05-06 01:01:14.709 +00:00 [INF] CORS policy execution successful.
2025-05-06 01:01:14.710 +00:00 [INF] Executing endpoint 'dotnetapp.Controllers.AccountController.GetAllAccounts (dotnetapp)'
2025-05-06 01:01:14.710 +00:00 [INF] Route matched with {action = "GetAllAccounts", controller = "Account"}. Executing controller action with signature Microsoft.AspNetCore.Mvc.IActionResult GetAllAccounts() on controller dotnetapp.Controllers.AccountController (dotnetapp).
2025-05-06 01:01:14.711 +00:00 [INF] Entity Framework Core 6.0.0 initialized 'ApplicationDbContext' using provider 'Microsoft.EntityFrameworkCore.SqlServer:6.0.0' with options: None
2025-05-06 01:01:14.713 +00:00 [INF] Executed DbCommand (1ms) [Parameters=[], CommandType='"Text"', CommandTimeout='30']
SELECT [a].[AccountId], [a].[AccountHolderName], [a].[AccountType], [a].[Balance], [a].[DateCreated], [a].[LastUpdated], [a].[ProofOfIdentity], [a].[Status], [a].[UserId]
FROM [Accounts] AS [a]
2025-05-06 01:01:14.713 +00:00 [INF] Executing OkObjectResult, writing value of type 'System.Collections.Generic.List`1[[dotnetapp.Models.Account, dotnetapp, Version=1.0.0.0, Culture=neutral, PublicKeyToken=null]]'.
2025-05-06 01:01:14.713 +00:00 [INF] Executed action dotnetapp.Controllers.AccountController.GetAllAccounts (dotnetapp) in 3.3544ms
2025-05-06 01:01:14.713 +00:00 [INF] Executed endpoint 'dotnetapp.Controllers.AccountController.GetAllAccounts (dotnetapp)'
2025-05-06 01:01:14.713 +00:00 [INF] HTTP GET /api/account responded 200 in 4.1854 ms
2025-05-06 01:01:14.713 +00:00 [INF] Request finished HTTP/1.1 GET http://8080-aaaecbbaabdabcdaaadefcbfefdfaeebfcdfbcdeff.premiumproject.examly.io/api/account - - - 200 - application/json;+charset=utf-8 4.5547ms
2025-05-06 01:01:19.380 +00:00 [INF] Request starting HTTP/1.1 OPTIONS http://8080-aaaecbbaabdabcdaaadefcbfefdfaeebfcdfbcdeff.premiumproject.examly.io/api/account/2002 - -
2025-05-06 01:01:19.380 +00:00 [INF] CORS policy execution successful.
2025-05-06 01:01:19.380 +00:00 [INF] HTTP OPTIONS /api/account/2002 responded 204 in 0.4176 ms
2025-05-06 01:01:19.381 +00:00 [INF] Request finished HTTP/1.1 OPTIONS http://8080-aaaecbbaabdabcdaaadefcbfefdfaeebfcdfbcdeff.premiumproject.examly.io/api/account/2002 - - - 204 - - 0.7432ms
2025-05-06 01:01:19.851 +00:00 [INF] Request starting HTTP/1.1 PUT http://8080-aaaecbbaabdabcdaaadefcbfefdfaeebfcdfbcdeff.premiumproject.examly.io/api/account/2002 application/json 250
2025-05-06 01:01:19.852 +00:00 [INF] CORS policy execution successful.
2025-05-06 01:01:19.853 +00:00 [INF] Executing endpoint 'dotnetapp.Controllers.AccountController.UpdateAccount (dotnetapp)'
2025-05-06 01:01:19.855 +00:00 [INF] Route matched with {action = "UpdateAccount", controller = "Account"}. Executing controller action with signature Microsoft.AspNetCore.Mvc.IActionResult UpdateAccount(Int32, dotnetapp.Models.Account) on controller dotnetapp.Controllers.AccountController (dotnetapp).
2025-05-06 01:01:19.867 +00:00 [INF] Entity Framework Core 6.0.0 initialized 'ApplicationDbContext' using provider 'Microsoft.EntityFrameworkCore.SqlServer:6.0.0' with options: None
2025-05-06 01:01:19.877 +00:00 [INF] Executed DbCommand (2ms) [Parameters=[@__p_0='?' (DbType = Int32)], CommandType='"Text"', CommandTimeout='30']
SELECT TOP(1) [a].[AccountId], [a].[AccountHolderName], [a].[AccountType], [a].[Balance], [a].[DateCreated], [a].[LastUpdated], [a].[ProofOfIdentity], [a].[Status], [a].[UserId]
FROM [Accounts] AS [a]
WHERE [a].[AccountId] = @__p_0
2025-05-06 01:01:19.945 +00:00 [INF] Executed DbCommand (3ms) [Parameters=[@p2='?' (DbType = Int32), @p0='?' (DbType = DateTime2), @p1='?' (Size = 50)], CommandType='"Text"', CommandTimeout='30']
SET NOCOUNT ON;
UPDATE [Accounts] SET [LastUpdated] = @p0, [Status] = @p1
WHERE [AccountId] = @p2;
SELECT @@ROWCOUNT;
2025-05-06 01:01:19.960 +00:00 [INF] Executing OkObjectResult, writing value of type 'dotnetapp.Models.Account'.
2025-05-06 01:01:19.960 +00:00 [INF] Executed action dotnetapp.Controllers.AccountController.UpdateAccount (dotnetapp) in 105.4242ms
2025-05-06 01:01:19.961 +00:00 [INF] Executed endpoint 'dotnetapp.Controllers.AccountController.UpdateAccount (dotnetapp)'
2025-05-06 01:01:19.961 +00:00 [INF] HTTP PUT /api/account/2002 responded 200 in 108.2809 ms
2025-05-06 01:01:19.961 +00:00 [INF] Request finished HTTP/1.1 PUT http://8080-aaaecbbaabdabcdaaadefcbfefdfaeebfcdfbcdeff.premiumproject.examly.io/api/account/2002 application/json 250 - 200 - application/json;+charset=utf-8 109.2550ms
2025-05-06 01:01:20.280 +00:00 [INF] Request starting HTTP/1.1 OPTIONS http://8080-aaaecbbaabdabcdaaadefcbfefdfaeebfcdfbcdeff.premiumproject.examly.io/api/account/1003 - -
2025-05-06 01:01:20.280 +00:00 [INF] CORS policy execution successful.
2025-05-06 01:01:20.280 +00:00 [INF] HTTP OPTIONS /api/account/1003 responded 204 in 0.1019 ms
2025-05-06 01:01:20.281 +00:00 [INF] Request finished HTTP/1.1 OPTIONS http://8080-aaaecbbaabdabcdaaadefcbfefdfaeebfcdfbcdeff.premiumproject.examly.io/api/account/1003 - - - 204 - - 0.4014ms
2025-05-06 01:01:20.758 +00:00 [INF] Request starting HTTP/1.1 PUT http://8080-aaaecbbaabdabcdaaadefcbfefdfaeebfcdfbcdeff.premiumproject.examly.io/api/account/1003 application/json 248
2025-05-06 01:01:20.758 +00:00 [INF] CORS policy execution successful.
2025-05-06 01:01:20.759 +00:00 [INF] Executing endpoint 'dotnetapp.Controllers.AccountController.UpdateAccount (dotnetapp)'
2025-05-06 01:01:20.759 +00:00 [INF] Route matched with {action = "UpdateAccount", controller = "Account"}. Executing controller action with signature Microsoft.AspNetCore.Mvc.IActionResult UpdateAccount(Int32, dotnetapp.Models.Account) on controller dotnetapp.Controllers.AccountController (dotnetapp).
2025-05-06 01:01:20.760 +00:00 [INF] Entity Framework Core 6.0.0 initialized 'ApplicationDbContext' using provider 'Microsoft.EntityFrameworkCore.SqlServer:6.0.0' with options: None
2025-05-06 01:01:20.761 +00:00 [INF] Executed DbCommand (1ms) [Parameters=[@__p_0='?' (DbType = Int32)], CommandType='"Text"', CommandTimeout='30']
SELECT TOP(1) [a].[AccountId], [a].[AccountHolderName], [a].[AccountType], [a].[Balance], [a].[DateCreated], [a].[LastUpdated], [a].[ProofOfIdentity], [a].[Status], [a].[UserId]
FROM [Accounts] AS [a]
WHERE [a].[AccountId] = @__p_0
2025-05-06 01:01:20.763 +00:00 [INF] Executed DbCommand (0ms) [Parameters=[@p2='?' (DbType = Int32), @p0='?' (DbType = DateTime2), @p1='?' (Size = 50)], CommandType='"Text"', CommandTimeout='30']
SET NOCOUNT ON;
UPDATE [Accounts] SET [LastUpdated] = @p0, [Status] = @p1
WHERE [AccountId] = @p2;
SELECT @@ROWCOUNT;
2025-05-06 01:01:20.767 +00:00 [INF] Executing OkObjectResult, writing value of type 'dotnetapp.Models.Account'.
2025-05-06 01:01:20.768 +00:00 [INF] Executed action dotnetapp.Controllers.AccountController.UpdateAccount (dotnetapp) in 8.8666ms
2025-05-06 01:01:20.768 +00:00 [INF] Executed endpoint 'dotnetapp.Controllers.AccountController.UpdateAccount (dotnetapp)'
2025-05-06 01:01:20.768 +00:00 [INF] HTTP PUT /api/account/1003 responded 200 in 9.5797 ms
2025-05-06 01:01:20.768 +00:00 [INF] Request finished HTTP/1.1 PUT http://8080-aaaecbbaabdabcdaaadefcbfefdfaeebfcdfbcdeff.premiumproject.examly.io/api/account/1003 application/json 248 - 200 - application/json;+charset=utf-8 9.8096ms
2025-05-06 01:01:22.088 +00:00 [INF] Request starting HTTP/1.1 OPTIONS http://8080-aaaecbbaabdabcdaaadefcbfefdfaeebfcdfbcdeff.premiumproject.examly.io/api/account/1004 - -
2025-05-06 01:01:22.088 +00:00 [INF] CORS policy execution successful.
2025-05-06 01:01:22.088 +00:00 [INF] HTTP OPTIONS /api/account/1004 responded 204 in 0.0777 ms
2025-05-06 01:01:22.088 +00:00 [INF] Request finished HTTP/1.1 OPTIONS http://8080-aaaecbbaabdabcdaaadefcbfefdfaeebfcdfbcdeff.premiumproject.examly.io/api/account/1004 - - - 204 - - 0.3078ms
2025-05-06 01:01:22.563 +00:00 [INF] Request starting HTTP/1.1 PUT http://8080-aaaecbbaabdabcdaaadefcbfefdfaeebfcdfbcdeff.premiumproject.examly.io/api/account/1004 application/json 252
2025-05-06 01:01:22.563 +00:00 [INF] CORS policy execution successful.
2025-05-06 01:01:22.564 +00:00 [INF] Executing endpoint 'dotnetapp.Controllers.AccountController.UpdateAccount (dotnetapp)'
2025-05-06 01:01:22.564 +00:00 [INF] Route matched with {action = "UpdateAccount", controller = "Account"}. Executing controller action with signature Microsoft.AspNetCore.Mvc.IActionResult UpdateAccount(Int32, dotnetapp.Models.Account) on controller dotnetapp.Controllers.AccountController (dotnetapp).
2025-05-06 01:01:22.565 +00:00 [INF] Entity Framework Core 6.0.0 initialized 'ApplicationDbContext' using provider 'Microsoft.EntityFrameworkCore.SqlServer:6.0.0' with options: None
2025-05-06 01:01:22.566 +00:00 [INF] Executed DbCommand (1ms) [Parameters=[@__p_0='?' (DbType = Int32)], CommandType='"Text"', CommandTimeout='30']
SELECT TOP(1) [a].[AccountId], [a].[AccountHolderName], [a].[AccountType], [a].[Balance], [a].[DateCreated], [a].[LastUpdated], [a].[ProofOfIdentity], [a].[Status], [a].[UserId]
FROM [Accounts] AS [a]
WHERE [a].[AccountId] = @__p_0
2025-05-06 01:01:22.567 +00:00 [INF] Executed DbCommand (0ms) [Parameters=[@p2='?' (DbType = Int32), @p0='?' (DbType = DateTime2), @p1='?' (Size = 50)], CommandType='"Text"', CommandTimeout='30']
SET NOCOUNT ON;
UPDATE [Accounts] SET [LastUpdated] = @p0, [Status] = @p1
WHERE [AccountId] = @p2;
SELECT @@ROWCOUNT;
2025-05-06 01:01:22.572 +00:00 [INF] Executing OkObjectResult, writing value of type 'dotnetapp.Models.Account'.
2025-05-06 01:01:22.572 +00:00 [INF] Executed action dotnetapp.Controllers.AccountController.UpdateAccount (dotnetapp) in 8.3359ms
2025-05-06 01:01:22.572 +00:00 [INF] Executed endpoint 'dotnetapp.Controllers.AccountController.UpdateAccount (dotnetapp)'
2025-05-06 01:01:22.572 +00:00 [INF] HTTP PUT /api/account/1004 responded 200 in 9.0348 ms
2025-05-06 01:01:22.572 +00:00 [INF] Request finished HTTP/1.1 PUT http://8080-aaaecbbaabdabcdaaadefcbfefdfaeebfcdfbcdeff.premiumproject.examly.io/api/account/1004 application/json 252 - 200 - application/json;+charset=utf-8 9.2561ms
2025-05-06 01:01:22.966 +00:00 [INF] Request starting HTTP/1.1 PUT http://8080-aaaecbbaabdabcdaaadefcbfefdfaeebfcdfbcdeff.premiumproject.examly.io/api/account/2002 application/json 248
2025-05-06 01:01:22.967 +00:00 [INF] CORS policy execution successful.
2025-05-06 01:01:22.967 +00:00 [INF] Executing endpoint 'dotnetapp.Controllers.AccountController.UpdateAccount (dotnetapp)'
2025-05-06 01:01:22.967 +00:00 [INF] Route matched with {action = "UpdateAccount", controller = "Account"}. Executing controller action with signature Microsoft.AspNetCore.Mvc.IActionResult UpdateAccount(Int32, dotnetapp.Models.Account) on controller dotnetapp.Controllers.AccountController (dotnetapp).
2025-05-06 01:01:22.968 +00:00 [INF] Entity Framework Core 6.0.0 initialized 'ApplicationDbContext' using provider 'Microsoft.EntityFrameworkCore.SqlServer:6.0.0' with options: None
2025-05-06 01:01:22.970 +00:00 [INF] Executed DbCommand (1ms) [Parameters=[@__p_0='?' (DbType = Int32)], CommandType='"Text"', CommandTimeout='30']
SELECT TOP(1) [a].[AccountId], [a].[AccountHolderName], [a].[AccountType], [a].[Balance], [a].[DateCreated], [a].[LastUpdated], [a].[ProofOfIdentity], [a].[Status], [a].[UserId]
FROM [Accounts] AS [a]
WHERE [a].[AccountId] = @__p_0
2025-05-06 01:01:22.971 +00:00 [INF] Executed DbCommand (0ms) [Parameters=[@p2='?' (DbType = Int32), @p0='?' (DbType = DateTime2), @p1='?' (Size = 50)], CommandType='"Text"', CommandTimeout='30']
SET NOCOUNT ON;
UPDATE [Accounts] SET [LastUpdated] = @p0, [Status] = @p1
WHERE [AccountId] = @p2;
SELECT @@ROWCOUNT;
2025-05-06 01:01:22.976 +00:00 [INF] Executing OkObjectResult, writing value of type 'dotnetapp.Models.Account'.
2025-05-06 01:01:22.976 +00:00 [INF] Executed action dotnetapp.Controllers.AccountController.UpdateAccount (dotnetapp) in 9.0877ms
2025-05-06 01:01:22.976 +00:00 [INF] Executed endpoint 'dotnetapp.Controllers.AccountController.UpdateAccount (dotnetapp)'
2025-05-06 01:01:22.976 +00:00 [INF] HTTP PUT /api/account/2002 responded 200 in 9.8666 ms
2025-05-06 01:01:22.977 +00:00 [INF] Request finished HTTP/1.1 PUT http://8080-aaaecbbaabdabcdaaadefcbfefdfaeebfcdfbcdeff.premiumproject.examly.io/api/account/2002 application/json 248 - 200 - application/json;+charset=utf-8 10.1796ms
2025-05-06 01:01:33.580 +00:00 [INF] Request starting HTTP/1.1 OPTIONS http://8080-aaaecbbaabdabcdaaadefcbfefdfaeebfcdfbcdeff.premiumproject.examly.io/api/transaction - -
2025-05-06 01:01:33.581 +00:00 [INF] CORS policy execution successful.
2025-05-06 01:01:33.581 +00:00 [INF] HTTP OPTIONS /api/transaction responded 204 in 0.1298 ms
2025-05-06 01:01:33.581 +00:00 [INF] Request finished HTTP/1.1 OPTIONS http://8080-aaaecbbaabdabcdaaadefcbfefdfaeebfcdfbcdeff.premiumproject.examly.io/api/transaction - - - 204 - - 0.4288ms
2025-05-06 01:01:33.829 +00:00 [INF] Request starting HTTP/1.1 GET http://8080-aaaecbbaabdabcdaaadefcbfefdfaeebfcdfbcdeff.premiumproject.examly.io/api/transaction - -
2025-05-06 01:01:33.829 +00:00 [INF] CORS policy execution successful.
2025-05-06 01:01:33.830 +00:00 [INF] Executing endpoint 'dotnetapp.Controllers.TransactionController.GetTransactions (dotnetapp)'
2025-05-06 01:01:33.830 +00:00 [INF] Route matched with {action = "GetTransactions", controller = "Transaction"}. Executing controller action with signature Microsoft.AspNetCore.Mvc.IActionResult GetTransactions() on controller dotnetapp.Controllers.TransactionController (dotnetapp).
2025-05-06 01:01:33.831 +00:00 [INF] Entity Framework Core 6.0.0 initialized 'ApplicationDbContext' using provider 'Microsoft.EntityFrameworkCore.SqlServer:6.0.0' with options: None
2025-05-06 01:01:33.832 +00:00 [INF] Executed DbCommand (1ms) [Parameters=[], CommandType='"Text"', CommandTimeout='30']
SELECT [t].[TransactionId], [t].[AccountId], [t].[Amount], [t].[Description], [t].[Status], [t].[TransactionDate], [t].[TransactionType], [a].[AccountId], [a].[AccountHolderName], [a].[AccountType], [a].[Balance], [a].[DateCreated], [a].[LastUpdated], [a].[ProofOfIdentity], [a].[Status], [a].[UserId]
FROM [Transactions] AS [t]
INNER JOIN [Accounts] AS [a] ON [t].[AccountId] = [a].[AccountId]
2025-05-06 01:01:33.832 +00:00 [INF] Retrieved 2 transactions successfully.
2025-05-06 01:01:33.832 +00:00 [INF] Executing OkObjectResult, writing value of type 'System.Collections.Generic.List`1[[dotnetapp.Models.Transaction, dotnetapp, Version=1.0.0.0, Culture=neutral, PublicKeyToken=null]]'.
2025-05-06 01:01:33.832 +00:00 [INF] Executed action dotnetapp.Controllers.TransactionController.GetTransactions (dotnetapp) in 2.3549ms
2025-05-06 01:01:33.832 +00:00 [INF] Executed endpoint 'dotnetapp.Controllers.TransactionController.GetTransactions (dotnetapp)'
2025-05-06 01:01:33.832 +00:00 [INF] HTTP GET /api/transaction responded 200 in 3.1413 ms
2025-05-06 01:01:33.833 +00:00 [INF] Request finished HTTP/1.1 GET http://8080-aaaecbbaabdabcdaaadefcbfefdfaeebfcdfbcdeff.premiumproject.examly.io/api/transaction - - - 200 - application/json;+charset=utf-8 3.4235ms
2025-05-06 01:01:34.793 +00:00 [INF] Request starting HTTP/1.1 OPTIONS http://8080-aaaecbbaabdabcdaaadefcbfefdfaeebfcdfbcdeff.premiumproject.examly.io/api/Feedback - -
2025-05-06 01:01:34.793 +00:00 [INF] CORS policy execution successful.
2025-05-06 01:01:34.793 +00:00 [INF] HTTP OPTIONS /api/Feedback responded 204 in 0.0932 ms
2025-05-06 01:01:34.793 +00:00 [INF] Request finished HTTP/1.1 OPTIONS http://8080-aaaecbbaabdabcdaaadefcbfefdfaeebfcdfbcdeff.premiumproject.examly.io/api/Feedback - - - 204 - - 0.3441ms
2025-05-06 01:01:35.041 +00:00 [INF] Request starting HTTP/1.1 GET http://8080-aaaecbbaabdabcdaaadefcbfefdfaeebfcdfbcdeff.premiumproject.examly.io/api/Feedback - -
2025-05-06 01:01:35.041 +00:00 [INF] CORS policy execution successful.
2025-05-06 01:01:35.042 +00:00 [INF] Executing endpoint 'dotnetapp.Controllers.FeedbackController.GetAllFeedbacks (dotnetapp)'
2025-05-06 01:01:35.042 +00:00 [INF] Route matched with {action = "GetAllFeedbacks", controller = "Feedback"}. Executing controller action with signature System.Threading.Tasks.Task`1[Microsoft.AspNetCore.Mvc.ActionResult`1[System.Collections.Generic.IEnumerable`1[dotnetapp.Models.Feedback]]] GetAllFeedbacks() on controller dotnetapp.Controllers.FeedbackController (dotnetapp).
2025-05-06 01:01:35.043 +00:00 [INF] Entity Framework Core 6.0.0 initialized 'ApplicationDbContext' using provider 'Microsoft.EntityFrameworkCore.SqlServer:6.0.0' with options: None
2025-05-06 01:01:35.044 +00:00 [INF] Executed DbCommand (1ms) [Parameters=[], CommandType='"Text"', CommandTimeout='30']
SELECT [f].[FeedbackId], [f].[Comments], [f].[DateProvided], [f].[UserId], [u].[UserId], [u].[Email], [u].[MobileNumber], [u].[Password], [u].[UserRole], [u].[Username]
FROM [Feedbacks] AS [f]
INNER JOIN [Users] AS [u] ON [f].[UserId] = [u].[UserId]
2025-05-06 01:01:35.044 +00:00 [INF] Executing OkObjectResult, writing value of type 'System.Collections.Generic.List`1[[dotnetapp.Models.Feedback, dotnetapp, Version=1.0.0.0, Culture=neutral, PublicKeyToken=null]]'.
2025-05-06 01:01:35.044 +00:00 [INF] Executed action dotnetapp.Controllers.FeedbackController.GetAllFeedbacks (dotnetapp) in 2.5801ms
2025-05-06 01:01:35.044 +00:00 [INF] Executed endpoint 'dotnetapp.Controllers.FeedbackController.GetAllFeedbacks (dotnetapp)'
2025-05-06 01:01:35.045 +00:00 [INF] HTTP GET /api/Feedback responded 200 in 3.3257 ms
2025-05-06 01:01:35.045 +00:00 [INF] Request finished HTTP/1.1 GET http://8080-aaaecbbaabdabcdaaadefcbfefdfaeebfcdfbcdeff.premiumproject.examly.io/api/Feedback - - - 200 - application/json;+charset=utf-8 3.5940ms
2025-05-06 01:01:36.949 +00:00 [INF] Request starting HTTP/1.1 GET http://8080-aaaecbbaabdabcdaaadefcbfefdfaeebfcdfbcdeff.premiumproject.examly.io/api/Feedback - -
2025-05-06 01:01:36.950 +00:00 [INF] CORS policy execution successful.
2025-05-06 01:01:36.952 +00:00 [INF] Executing endpoint 'dotnetapp.Controllers.FeedbackController.GetAllFeedbacks (dotnetapp)'
2025-05-06 01:01:36.952 +00:00 [INF] Route matched with {action = "GetAllFeedbacks", controller = "Feedback"}. Executing controller action with signature System.Threading.Tasks.Task`1[Microsoft.AspNetCore.Mvc.ActionResult`1[System.Collections.Generic.IEnumerable`1[dotnetapp.Models.Feedback]]] GetAllFeedbacks() on controller dotnetapp.Controllers.FeedbackController (dotnetapp).
2025-05-06 01:01:36.954 +00:00 [INF] Entity Framework Core 6.0.0 initialized 'ApplicationDbContext' using provider 'Microsoft.EntityFrameworkCore.SqlServer:6.0.0' with options: None
2025-05-06 01:01:36.956 +00:00 [INF] Executed DbCommand (2ms) [Parameters=[], CommandType='"Text"', CommandTimeout='30']
SELECT [f].[FeedbackId], [f].[Comments], [f].[DateProvided], [f].[UserId], [u].[UserId], [u].[Email], [u].[MobileNumber], [u].[Password], [u].[UserRole], [u].[Username]
FROM [Feedbacks] AS [f]
INNER JOIN [Users] AS [u] ON [f].[UserId] = [u].[UserId]
2025-05-06 01:01:36.956 +00:00 [INF] Executing OkObjectResult, writing value of type 'System.Collections.Generic.List`1[[dotnetapp.Models.Feedback, dotnetapp, Version=1.0.0.0, Culture=neutral, PublicKeyToken=null]]'.
2025-05-06 01:01:36.957 +00:00 [INF] Executed action dotnetapp.Controllers.FeedbackController.GetAllFeedbacks (dotnetapp) in 4.4118ms
2025-05-06 01:01:36.957 +00:00 [INF] Executed endpoint 'dotnetapp.Controllers.FeedbackController.GetAllFeedbacks (dotnetapp)'
2025-05-06 01:01:36.957 +00:00 [INF] HTTP GET /api/Feedback responded 200 in 7.0941 ms
2025-05-06 01:01:36.957 +00:00 [INF] Request finished HTTP/1.1 GET http://8080-aaaecbbaabdabcdaaadefcbfefdfaeebfcdfbcdeff.premiumproject.examly.io/api/Feedback - - - 200 - application/json;+charset=utf-8 7.4379ms
2025-05-06 03:51:16.019 +00:00 [INF] User profile is available. Using '/home/coder/.aspnet/DataProtection-Keys' as key repository; keys will not be encrypted at rest.
2025-05-06 03:51:16.418 +00:00 [INF] Creating key {ead75145-0c1a-4dd9-96ad-d514041c5a2b} with creation date 2025-05-06 03:51:16Z, activation date 2025-05-06 03:51:16Z, and expiration date 2025-08-04 03:51:16Z.
2025-05-06 03:51:16.427 +00:00 [WRN] No XML encryptor configured. Key {ead75145-0c1a-4dd9-96ad-d514041c5a2b} may be persisted to storage in unencrypted form.
2025-05-06 03:51:16.430 +00:00 [INF] Writing data to file '/home/coder/.aspnet/DataProtection-Keys/key-ead75145-0c1a-4dd9-96ad-d514041c5a2b.xml'.
2025-05-06 03:51:16.481 +00:00 [INF] Now listening on: http://0.0.0.0:8080
2025-05-06 03:51:16.484 +00:00 [INF] Application started. Press Ctrl+C to shut down.
2025-05-06 03:51:16.485 +00:00 [INF] Hosting environment: Development
2025-05-06 03:51:16.485 +00:00 [INF] Content root path: /home/coder/project/workspace/dotnetapp/
