2025-05-03 03:46:26.360 +00:00 [INF] User profile is available. Using '/home/coder/.aspnet/DataProtection-Keys' as key repository; keys will not be encrypted at rest.
2025-05-03 03:46:26.396 +00:00 [INF] Creating key {e0df2d01-ee06-448d-84e4-25361f933fcc} with creation date 2025-05-03 03:46:26Z, activation date 2025-05-03 03:46:26Z, and expiration date 2025-08-01 03:46:26Z.
2025-05-03 03:46:26.405 +00:00 [WRN] No XML encryptor configured. Key {e0df2d01-ee06-448d-84e4-25361f933fcc} may be persisted to storage in unencrypted form.
2025-05-03 03:46:26.408 +00:00 [INF] Writing data to file '/home/coder/.aspnet/DataProtection-Keys/key-e0df2d01-ee06-448d-84e4-25361f933fcc.xml'.
2025-05-03 03:46:26.521 +00:00 [INF] Now listening on: http://0.0.0.0:8080
2025-05-03 03:46:26.524 +00:00 [INF] Application started. Press Ctrl+C to shut down.
2025-05-03 03:46:26.524 +00:00 [INF] Hosting environment: Development
2025-05-03 03:46:26.524 +00:00 [INF] Content root path: /home/coder/project/workspace/dotnetapp/
2025-05-03 03:47:53.419 +00:00 [INF] User profile is available. Using '/home/coder/.aspnet/DataProtection-Keys' as key repository; keys will not be encrypted at rest.
2025-05-03 03:47:53.503 +00:00 [INF] Now listening on: http://0.0.0.0:8080
2025-05-03 03:47:53.506 +00:00 [INF] Application started. Press Ctrl+C to shut down.
2025-05-03 03:47:53.506 +00:00 [INF] Hosting environment: Development
2025-05-03 03:47:53.506 +00:00 [INF] Content root path: /home/coder/project/workspace/dotnetapp/
2025-05-03 03:48:34.043 +00:00 [INF] Request starting HTTP/1.1 GET http://8080-ffcdceafdeadefcbfefdfaeebfcdfbcdeff.premiumproject.examly.io/ - -
2025-05-03 03:48:34.090 +00:00 [WRN] Failed to determine the https port for redirect.
2025-05-03 03:48:34.291 +00:00 [INF] HTTP GET / responded 404 in 203.1619 ms
2025-05-03 03:48:34.297 +00:00 [INF] Request finished HTTP/1.1 GET http://8080-ffcdceafdeadefcbfefdfaeebfcdfbcdeff.premiumproject.examly.io/ - - - 404 0 - 256.7430ms
2025-05-03 03:48:38.023 +00:00 [INF] Request starting HTTP/1.1 GET http://8080-ffcdceafdeadefcbfefdfaeebfcdfbcdeff.premiumproject.examly.io/swagger/index.html - -
2025-05-03 03:48:38.129 +00:00 [INF] Request finished HTTP/1.1 GET http://8080-ffcdceafdeadefcbfefdfaeebfcdfbcdeff.premiumproject.examly.io/swagger/index.html - - - 200 - text/html;charset=utf-8 105.9092ms
2025-05-03 03:48:38.621 +00:00 [INF] Request starting HTTP/1.1 GET http://8080-ffcdceafdeadefcbfefdfaeebfcdfbcdeff.premiumproject.examly.io/swagger/v1/swagger.json - -
2025-05-03 03:48:38.694 +00:00 [INF] Request finished HTTP/1.1 GET http://8080-ffcdceafdeadefcbfefdfaeebfcdfbcdeff.premiumproject.examly.io/swagger/v1/swagger.json - - - 200 - application/json;charset=utf-8 73.0069ms
2025-05-03 03:48:39.720 +00:00 [INF] Request starting HTTP/1.1 GET http://8080-ffcdceafdeadefcbfefdfaeebfcdfbcdeff.premiumproject.examly.io/swagger/index.html - -
2025-05-03 03:48:39.721 +00:00 [INF] Request finished HTTP/1.1 GET http://8080-ffcdceafdeadefcbfefdfaeebfcdfbcdeff.premiumproject.examly.io/swagger/index.html - - - 200 - text/html;charset=utf-8 0.8084ms
2025-05-03 03:48:40.135 +00:00 [INF] Request starting HTTP/1.1 GET http://8080-ffcdceafdeadefcbfefdfaeebfcdfbcdeff.premiumproject.examly.io/swagger/v1/swagger.json - -
2025-05-03 03:48:40.139 +00:00 [INF] Request finished HTTP/1.1 GET http://8080-ffcdceafdeadefcbfefdfaeebfcdfbcdeff.premiumproject.examly.io/swagger/v1/swagger.json - - - 200 - application/json;charset=utf-8 3.9969ms
2025-05-03 03:52:26.194 +00:00 [INF] Request starting HTTP/1.1 GET http://8080-ffcdceafdeadefcbfefdfaeebfcdfbcdeff.premiumproject.examly.io/api/Account - -
2025-05-03 03:52:26.199 +00:00 [INF] Authorization failed. These requirements were not met:
RolesAuthorizationRequirement:User.IsInRole must be true for one of the following roles: (Manager)
2025-05-03 03:52:26.202 +00:00 [INF] AuthenticationScheme: Bearer was challenged.
2025-05-03 03:52:26.202 +00:00 [INF] HTTP GET /api/Account responded 401 in 6.4589 ms
2025-05-03 03:52:26.202 +00:00 [INF] Request finished HTTP/1.1 GET http://8080-ffcdceafdeadefcbfefdfaeebfcdfbcdeff.premiumproject.examly.io/api/Account - - - 401 0 - 7.9555ms
2025-05-03 03:52:34.977 +00:00 [INF] Request starting HTTP/1.1 GET http://8080-ffcdceafdeadefcbfefdfaeebfcdfbcdeff.premiumproject.examly.io/api/Account - -
2025-05-03 03:52:34.980 +00:00 [INF] Authorization failed. These requirements were not met:
RolesAuthorizationRequirement:User.IsInRole must be true for one of the following roles: (Manager)
2025-05-03 03:52:34.980 +00:00 [INF] AuthenticationScheme: Bearer was challenged.
2025-05-03 03:52:34.980 +00:00 [INF] HTTP GET /api/Account responded 401 in 2.0332 ms
2025-05-03 03:52:34.980 +00:00 [INF] Request finished HTTP/1.1 GET http://8080-ffcdceafdeadefcbfefdfaeebfcdfbcdeff.premiumproject.examly.io/api/Account - - - 401 0 - 3.4348ms
2025-05-03 03:53:55.951 +00:00 [INF] Request starting HTTP/1.1 GET http://8080-ffcdceafdeadefcbfefdfaeebfcdfbcdeff.premiumproject.examly.io/api/Feedback - -
2025-05-03 03:53:55.952 +00:00 [INF] Authorization failed. These requirements were not met:
RolesAuthorizationRequirement:User.IsInRole must be true for one of the following roles: (Manager)
2025-05-03 03:53:55.952 +00:00 [INF] AuthenticationScheme: Bearer was challenged.
2025-05-03 03:53:55.952 +00:00 [INF] HTTP GET /api/Feedback responded 401 in 0.9324 ms
2025-05-03 03:53:55.952 +00:00 [INF] Request finished HTTP/1.1 GET http://8080-ffcdceafdeadefcbfefdfaeebfcdfbcdeff.premiumproject.examly.io/api/Feedback - - - 401 0 - 1.2137ms
2025-05-03 03:53:59.574 +00:00 [INF] Request starting HTTP/1.1 GET http://8080-ffcdceafdeadefcbfefdfaeebfcdfbcdeff.premiumproject.examly.io/api/Feedback - -
2025-05-03 03:53:59.575 +00:00 [INF] Authorization failed. These requirements were not met:
RolesAuthorizationRequirement:User.IsInRole must be true for one of the following roles: (Manager)
2025-05-03 03:53:59.575 +00:00 [INF] AuthenticationScheme: Bearer was challenged.
2025-05-03 03:53:59.575 +00:00 [INF] HTTP GET /api/Feedback responded 401 in 0.3045 ms
2025-05-03 03:53:59.575 +00:00 [INF] Request finished HTTP/1.1 GET http://8080-ffcdceafdeadefcbfefdfaeebfcdfbcdeff.premiumproject.examly.io/api/Feedback - - - 401 0 - 0.5945ms
2025-05-03 03:55:27.580 +00:00 [INF] Request starting HTTP/1.1 POST http://8080-ffcdceafdeadefcbfefdfaeebfcdfbcdeff.premiumproject.examly.io/api/login application/json 57
2025-05-03 03:55:27.581 +00:00 [INF] CORS policy execution successful.
2025-05-03 03:55:27.583 +00:00 [INF] Executing endpoint 'dotnetapp.Controllers.AuthenticationController.Login (dotnetapp)'
2025-05-03 03:55:27.613 +00:00 [INF] Route matched with {action = "Login", controller = "Authentication"}. Executing controller action with signature System.Threading.Tasks.Task`1[Microsoft.AspNetCore.Mvc.IActionResult] Login(dotnetapp.Models.LoginModel) on controller dotnetapp.Controllers.AuthenticationController (dotnetapp).
2025-05-03 03:55:27.828 +00:00 [INF] Login attempt for email: user@example.com
2025-05-03 03:55:27.843 +00:00 [INF] Login process started for email: user@example.com
2025-05-03 03:55:28.344 +00:00 [WRN] No store type was specified for the decimal property 'Balance' on entity type 'Account'. This will cause values to be silently truncated if they do not fit in the default precision and scale. Explicitly specify the SQL server column type that can accommodate all the values in 'OnModelCreating' using 'HasColumnType', specify precision and scale using 'HasPrecision', or configure a value converter using 'HasConversion'.
2025-05-03 03:55:28.344 +00:00 [WRN] No store type was specified for the decimal property 'Amount' on entity type 'Transaction'. This will cause values to be silently truncated if they do not fit in the default precision and scale. Explicitly specify the SQL server column type that can accommodate all the values in 'OnModelCreating' using 'HasColumnType', specify precision and scale using 'HasPrecision', or configure a value converter using 'HasConversion'.
2025-05-03 03:55:28.457 +00:00 [INF] Entity Framework Core 6.0.0 initialized 'ApplicationDbContext' using provider 'Microsoft.EntityFrameworkCore.SqlServer:6.0.0' with options: None
2025-05-03 03:55:29.222 +00:00 [INF] Executed DbCommand (43ms) [Parameters=[@__model_Email_0='?' (Size = 254)], CommandType='"Text"', CommandTimeout='30']
SELECT TOP(1) [u].[UserId], [u].[Email], [u].[MobileNumber], [u].[Password], [u].[UserRole], [u].[Username]
FROM [Users] AS [u]
WHERE [u].[Email] = @__model_Email_0
2025-05-03 03:55:29.457 +00:00 [WRN] Invalid password for email: user@example.com
2025-05-03 03:55:29.458 +00:00 [WRN] Login failed for email: user@example.com. Reason: Invalid email or password.
2025-05-03 03:55:29.461 +00:00 [INF] Executing UnauthorizedObjectResult, writing value of type '<>f__AnonymousType1`1[[System.String, System.Private.CoreLib, Version=6.0.0.0, Culture=neutral, PublicKeyToken=7cec85d7bea7798e]]'.
2025-05-03 03:55:29.479 +00:00 [INF] Executed action dotnetapp.Controllers.AuthenticationController.Login (dotnetapp) in 1862.892ms
2025-05-03 03:55:29.480 +00:00 [INF] Executed endpoint 'dotnetapp.Controllers.AuthenticationController.Login (dotnetapp)'
2025-05-03 03:55:29.480 +00:00 [INF] HTTP POST /api/login responded 401 in 1900.1257 ms
2025-05-03 03:55:29.483 +00:00 [INF] Request finished HTTP/1.1 POST http://8080-ffcdceafdeadefcbfefdfaeebfcdfbcdeff.premiumproject.examly.io/api/login application/json 57 - 401 - application/json;+charset=utf-8 1903.1513ms
2025-05-03 03:56:16.874 +00:00 [INF] Request starting HTTP/1.1 GET http://8080-ffcdceafdeadefcbfefdfaeebfcdfbcdeff.premiumproject.examly.io/api/Transaction - -
2025-05-03 03:56:16.874 +00:00 [INF] Authorization failed. These requirements were not met:
RolesAuthorizationRequirement:User.IsInRole must be true for one of the following roles: (Manager)
2025-05-03 03:56:16.875 +00:00 [INF] AuthenticationScheme: Bearer was challenged.
2025-05-03 03:56:16.875 +00:00 [INF] HTTP GET /api/Transaction responded 401 in 0.3220 ms
2025-05-03 03:56:16.875 +00:00 [INF] Request finished HTTP/1.1 GET http://8080-ffcdceafdeadefcbfefdfaeebfcdfbcdeff.premiumproject.examly.io/api/Transaction - - - 401 0 - 0.6194ms
