2025-05-02 03:30:15.181 +00:00 [INF] User profile is available. Using '/home/coder/.aspnet/DataProtection-Keys' as key repository; keys will not be encrypted at rest.
2025-05-02 03:30:15.215 +00:00 [INF] Creating key {b3f2880a-2614-4727-9509-5cf3cc99abfd} with creation date 2025-05-02 03:30:15Z, activation date 2025-05-02 03:30:15Z, and expiration date 2025-07-31 03:30:15Z.
2025-05-02 03:30:15.245 +00:00 [WRN] No XML encryptor configured. Key {b3f2880a-2614-4727-9509-5cf3cc99abfd} may be persisted to storage in unencrypted form.
2025-05-02 03:30:15.247 +00:00 [INF] Writing data to file '/home/coder/.aspnet/DataProtection-Keys/key-b3f2880a-2614-4727-9509-5cf3cc99abfd.xml'.
2025-05-02 03:30:15.347 +00:00 [INF] Now listening on: http://0.0.0.0:8080
2025-05-02 03:30:15.350 +00:00 [INF] Application started. Press Ctrl+C to shut down.
2025-05-02 03:30:15.350 +00:00 [INF] Hosting environment: Development
2025-05-02 03:30:15.350 +00:00 [INF] Content root path: /home/coder/project/workspace/dotnetapp/
2025-05-02 03:34:06.520 +00:00 [INF] Request starting HTTP/1.1 POST http://localhost:8080/api/register application/json;+charset=utf-8 198
2025-05-02 03:34:06.559 +00:00 [WRN] Failed to determine the https port for redirect.
2025-05-02 03:34:06.582 +00:00 [ERR] HTTP POST /api/register responded 500 in 25.1550 ms
System.ArgumentNullException: String reference not set to an instance of a String. (Parameter 's')
   at System.Text.Encoding.GetBytes(String s)
   at System.Text.UTF8Encoding.UTF8EncodingSealed.GetBytes(String s)
   at Program.<>c__DisplayClass0_0.<<Main>$>b__3(JwtBearerOptions options) in /home/coder/project/workspace/dotnetapp/Program.cs:line 69
   at Microsoft.Extensions.Options.ConfigureNamedOptions`1.Configure(String name, TOptions options)
   at Microsoft.Extensions.Options.OptionsFactory`1.Create(String name)
   at Microsoft.Extensions.Options.OptionsMonitor`1.<>c.<Get>b__10_0(String name, IOptionsFactory`1 factory)
   at Microsoft.Extensions.Options.OptionsCache`1.<>c__DisplayClass3_1`1.<GetOrAdd>b__2()
   at System.Lazy`1.ViaFactory(LazyThreadSafetyMode mode)
   at System.Lazy`1.ExecutionAndPublication(LazyHelper executionAndPublication, Boolean useDefaultConstructor)
   at System.Lazy`1.CreateValue()
   at System.Lazy`1.get_Value()
   at Microsoft.Extensions.Options.OptionsCache`1.GetOrAdd[TArg](String name, Func`3 createOptions, TArg factoryArgument)
   at Microsoft.Extensions.Options.OptionsMonitor`1.Get(String name)
   at Microsoft.AspNetCore.Authentication.AuthenticationHandler`1.InitializeAsync(AuthenticationScheme scheme, HttpContext context)
   at Microsoft.AspNetCore.Authentication.AuthenticationHandlerProvider.GetHandlerAsync(HttpContext context, String authenticationScheme)
   at Microsoft.AspNetCore.Authentication.AuthenticationService.AuthenticateAsync(HttpContext context, String scheme)
   at Microsoft.AspNetCore.Authentication.AuthenticationMiddleware.Invoke(HttpContext context)
   at Serilog.AspNetCore.RequestLoggingMiddleware.Invoke(HttpContext httpContext)
2025-05-02 03:34:06.625 +00:00 [ERR] An unhandled exception has occurred while executing the request.
System.ArgumentNullException: String reference not set to an instance of a String. (Parameter 's')
   at System.Text.Encoding.GetBytes(String s)
   at System.Text.UTF8Encoding.UTF8EncodingSealed.GetBytes(String s)
   at Program.<>c__DisplayClass0_0.<<Main>$>b__3(JwtBearerOptions options) in /home/coder/project/workspace/dotnetapp/Program.cs:line 69
   at Microsoft.Extensions.Options.ConfigureNamedOptions`1.Configure(String name, TOptions options)
   at Microsoft.Extensions.Options.OptionsFactory`1.Create(String name)
   at Microsoft.Extensions.Options.OptionsMonitor`1.<>c.<Get>b__10_0(String name, IOptionsFactory`1 factory)
   at Microsoft.Extensions.Options.OptionsCache`1.<>c__DisplayClass3_1`1.<GetOrAdd>b__2()
   at System.Lazy`1.ViaFactory(LazyThreadSafetyMode mode)
   at System.Lazy`1.ExecutionAndPublication(LazyHelper executionAndPublication, Boolean useDefaultConstructor)
   at System.Lazy`1.CreateValue()
   at System.Lazy`1.get_Value()
   at Microsoft.Extensions.Options.OptionsCache`1.GetOrAdd[TArg](String name, Func`3 createOptions, TArg factoryArgument)
   at Microsoft.Extensions.Options.OptionsMonitor`1.Get(String name)
   at Microsoft.AspNetCore.Authentication.AuthenticationHandler`1.InitializeAsync(AuthenticationScheme scheme, HttpContext context)
   at Microsoft.AspNetCore.Authentication.AuthenticationHandlerProvider.GetHandlerAsync(HttpContext context, String authenticationScheme)
   at Microsoft.AspNetCore.Authentication.AuthenticationService.AuthenticateAsync(HttpContext context, String scheme)
   at Microsoft.AspNetCore.Authentication.AuthenticationMiddleware.Invoke(HttpContext context)
   at Serilog.AspNetCore.RequestLoggingMiddleware.Invoke(HttpContext httpContext)
   at Swashbuckle.AspNetCore.SwaggerUI.SwaggerUIMiddleware.Invoke(HttpContext httpContext)
   at Swashbuckle.AspNetCore.Swagger.SwaggerMiddleware.Invoke(HttpContext httpContext, ISwaggerProvider swaggerProvider)
   at Microsoft.AspNetCore.Diagnostics.DeveloperExceptionPageMiddleware.Invoke(HttpContext context)
2025-05-02 03:34:06.642 +00:00 [INF] Request finished HTTP/1.1 POST http://localhost:8080/api/register application/json;+charset=utf-8 198 - 500 - text/plain;+charset=utf-8 124.6519ms
2025-05-02 03:34:06.764 +00:00 [INF] Request starting HTTP/1.1 POST http://localhost:8080/api/register application/json;+charset=utf-8 198
2025-05-02 03:34:06.765 +00:00 [ERR] HTTP POST /api/register responded 500 in 0.4987 ms
System.ArgumentNullException: String reference not set to an instance of a String. (Parameter 's')
   at System.Text.Encoding.GetBytes(String s)
   at System.Text.UTF8Encoding.UTF8EncodingSealed.GetBytes(String s)
   at Program.<>c__DisplayClass0_0.<<Main>$>b__3(JwtBearerOptions options) in /home/coder/project/workspace/dotnetapp/Program.cs:line 69
   at Microsoft.Extensions.Options.ConfigureNamedOptions`1.Configure(String name, TOptions options)
   at Microsoft.Extensions.Options.OptionsFactory`1.Create(String name)
   at Microsoft.Extensions.Options.OptionsMonitor`1.<>c.<Get>b__10_0(String name, IOptionsFactory`1 factory)
   at Microsoft.Extensions.Options.OptionsCache`1.<>c__DisplayClass3_1`1.<GetOrAdd>b__2()
   at System.Lazy`1.ViaFactory(LazyThreadSafetyMode mode)
--- End of stack trace from previous location ---
   at System.Lazy`1.CreateValue()
   at System.Lazy`1.get_Value()
   at Microsoft.Extensions.Options.OptionsCache`1.GetOrAdd[TArg](String name, Func`3 createOptions, TArg factoryArgument)
   at Microsoft.Extensions.Options.OptionsMonitor`1.Get(String name)
   at Microsoft.AspNetCore.Authentication.AuthenticationHandler`1.InitializeAsync(AuthenticationScheme scheme, HttpContext context)
   at Microsoft.AspNetCore.Authentication.AuthenticationHandlerProvider.GetHandlerAsync(HttpContext context, String authenticationScheme)
   at Microsoft.AspNetCore.Authentication.AuthenticationService.AuthenticateAsync(HttpContext context, String scheme)
   at Microsoft.AspNetCore.Authentication.AuthenticationMiddleware.Invoke(HttpContext context)
   at Serilog.AspNetCore.RequestLoggingMiddleware.Invoke(HttpContext httpContext)
2025-05-02 03:34:06.767 +00:00 [ERR] An unhandled exception has occurred while executing the request.
System.ArgumentNullException: String reference not set to an instance of a String. (Parameter 's')
   at System.Text.Encoding.GetBytes(String s)
   at System.Text.UTF8Encoding.UTF8EncodingSealed.GetBytes(String s)
   at Program.<>c__DisplayClass0_0.<<Main>$>b__3(JwtBearerOptions options) in /home/coder/project/workspace/dotnetapp/Program.cs:line 69
   at Microsoft.Extensions.Options.ConfigureNamedOptions`1.Configure(String name, TOptions options)
   at Microsoft.Extensions.Options.OptionsFactory`1.Create(String name)
   at Microsoft.Extensions.Options.OptionsMonitor`1.<>c.<Get>b__10_0(String name, IOptionsFactory`1 factory)
   at Microsoft.Extensions.Options.OptionsCache`1.<>c__DisplayClass3_1`1.<GetOrAdd>b__2()
   at System.Lazy`1.ViaFactory(LazyThreadSafetyMode mode)
--- End of stack trace from previous location ---
   at System.Lazy`1.CreateValue()
   at System.Lazy`1.get_Value()
   at Microsoft.Extensions.Options.OptionsCache`1.GetOrAdd[TArg](String name, Func`3 createOptions, TArg factoryArgument)
   at Microsoft.Extensions.Options.OptionsMonitor`1.Get(String name)
   at Microsoft.AspNetCore.Authentication.AuthenticationHandler`1.InitializeAsync(AuthenticationScheme scheme, HttpContext context)
   at Microsoft.AspNetCore.Authentication.AuthenticationHandlerProvider.GetHandlerAsync(HttpContext context, String authenticationScheme)
   at Microsoft.AspNetCore.Authentication.AuthenticationService.AuthenticateAsync(HttpContext context, String scheme)
   at Microsoft.AspNetCore.Authentication.AuthenticationMiddleware.Invoke(HttpContext context)
   at Serilog.AspNetCore.RequestLoggingMiddleware.Invoke(HttpContext httpContext)
   at Swashbuckle.AspNetCore.SwaggerUI.SwaggerUIMiddleware.Invoke(HttpContext httpContext)
   at Swashbuckle.AspNetCore.Swagger.SwaggerMiddleware.Invoke(HttpContext httpContext, ISwaggerProvider swaggerProvider)
   at Microsoft.AspNetCore.Diagnostics.DeveloperExceptionPageMiddleware.Invoke(HttpContext context)
2025-05-02 03:34:06.768 +00:00 [INF] Request finished HTTP/1.1 POST http://localhost:8080/api/register application/json;+charset=utf-8 198 - 500 - text/plain;+charset=utf-8 4.2678ms
2025-05-02 03:34:06.772 +00:00 [INF] Request starting HTTP/1.1 POST http://localhost:8080/api/login application/json;+charset=utf-8 88
2025-05-02 03:34:06.774 +00:00 [ERR] HTTP POST /api/login responded 500 in 1.6290 ms
System.ArgumentNullException: String reference not set to an instance of a String. (Parameter 's')
   at System.Text.Encoding.GetBytes(String s)
   at System.Text.UTF8Encoding.UTF8EncodingSealed.GetBytes(String s)
   at Program.<>c__DisplayClass0_0.<<Main>$>b__3(JwtBearerOptions options) in /home/coder/project/workspace/dotnetapp/Program.cs:line 69
   at Microsoft.Extensions.Options.ConfigureNamedOptions`1.Configure(String name, TOptions options)
   at Microsoft.Extensions.Options.OptionsFactory`1.Create(String name)
   at Microsoft.Extensions.Options.OptionsMonitor`1.<>c.<Get>b__10_0(String name, IOptionsFactory`1 factory)
   at Microsoft.Extensions.Options.OptionsCache`1.<>c__DisplayClass3_1`1.<GetOrAdd>b__2()
   at System.Lazy`1.ViaFactory(LazyThreadSafetyMode mode)
--- End of stack trace from previous location ---
   at System.Lazy`1.CreateValue()
   at System.Lazy`1.get_Value()
   at Microsoft.Extensions.Options.OptionsCache`1.GetOrAdd[TArg](String name, Func`3 createOptions, TArg factoryArgument)
   at Microsoft.Extensions.Options.OptionsMonitor`1.Get(String name)
   at Microsoft.AspNetCore.Authentication.AuthenticationHandler`1.InitializeAsync(AuthenticationScheme scheme, HttpContext context)
   at Microsoft.AspNetCore.Authentication.AuthenticationHandlerProvider.GetHandlerAsync(HttpContext context, String authenticationScheme)
   at Microsoft.AspNetCore.Authentication.AuthenticationService.AuthenticateAsync(HttpContext context, String scheme)
   at Microsoft.AspNetCore.Authentication.AuthenticationMiddleware.Invoke(HttpContext context)
   at Serilog.AspNetCore.RequestLoggingMiddleware.Invoke(HttpContext httpContext)
2025-05-02 03:34:06.774 +00:00 [ERR] An unhandled exception has occurred while executing the request.
System.ArgumentNullException: String reference not set to an instance of a String. (Parameter 's')
   at System.Text.Encoding.GetBytes(String s)
   at System.Text.UTF8Encoding.UTF8EncodingSealed.GetBytes(String s)
   at Program.<>c__DisplayClass0_0.<<Main>$>b__3(JwtBearerOptions options) in /home/coder/project/workspace/dotnetapp/Program.cs:line 69
   at Microsoft.Extensions.Options.ConfigureNamedOptions`1.Configure(String name, TOptions options)
   at Microsoft.Extensions.Options.OptionsFactory`1.Create(String name)
   at Microsoft.Extensions.Options.OptionsMonitor`1.<>c.<Get>b__10_0(String name, IOptionsFactory`1 factory)
   at Microsoft.Extensions.Options.OptionsCache`1.<>c__DisplayClass3_1`1.<GetOrAdd>b__2()
   at System.Lazy`1.ViaFactory(LazyThreadSafetyMode mode)
--- End of stack trace from previous location ---
   at System.Lazy`1.CreateValue()
   at System.Lazy`1.get_Value()
   at Microsoft.Extensions.Options.OptionsCache`1.GetOrAdd[TArg](String name, Func`3 createOptions, TArg factoryArgument)
   at Microsoft.Extensions.Options.OptionsMonitor`1.Get(String name)
   at Microsoft.AspNetCore.Authentication.AuthenticationHandler`1.InitializeAsync(AuthenticationScheme scheme, HttpContext context)
   at Microsoft.AspNetCore.Authentication.AuthenticationHandlerProvider.GetHandlerAsync(HttpContext context, String authenticationScheme)
   at Microsoft.AspNetCore.Authentication.AuthenticationService.AuthenticateAsync(HttpContext context, String scheme)
   at Microsoft.AspNetCore.Authentication.AuthenticationMiddleware.Invoke(HttpContext context)
   at Serilog.AspNetCore.RequestLoggingMiddleware.Invoke(HttpContext httpContext)
   at Swashbuckle.AspNetCore.SwaggerUI.SwaggerUIMiddleware.Invoke(HttpContext httpContext)
   at Swashbuckle.AspNetCore.Swagger.SwaggerMiddleware.Invoke(HttpContext httpContext, ISwaggerProvider swaggerProvider)
   at Microsoft.AspNetCore.Diagnostics.DeveloperExceptionPageMiddleware.Invoke(HttpContext context)
2025-05-02 03:34:06.775 +00:00 [INF] Request finished HTTP/1.1 POST http://localhost:8080/api/login application/json;+charset=utf-8 88 - 500 - text/plain;+charset=utf-8 3.2458ms
2025-05-02 03:34:06.916 +00:00 [INF] Request starting HTTP/1.1 POST http://localhost:8080/api/register application/json;+charset=utf-8 197
2025-05-02 03:34:06.916 +00:00 [ERR] HTTP POST /api/register responded 500 in 0.2942 ms
System.ArgumentNullException: String reference not set to an instance of a String. (Parameter 's')
   at System.Text.Encoding.GetBytes(String s)
   at System.Text.UTF8Encoding.UTF8EncodingSealed.GetBytes(String s)
   at Program.<>c__DisplayClass0_0.<<Main>$>b__3(JwtBearerOptions options) in /home/coder/project/workspace/dotnetapp/Program.cs:line 69
   at Microsoft.Extensions.Options.ConfigureNamedOptions`1.Configure(String name, TOptions options)
   at Microsoft.Extensions.Options.OptionsFactory`1.Create(String name)
   at Microsoft.Extensions.Options.OptionsMonitor`1.<>c.<Get>b__10_0(String name, IOptionsFactory`1 factory)
   at Microsoft.Extensions.Options.OptionsCache`1.<>c__DisplayClass3_1`1.<GetOrAdd>b__2()
   at System.Lazy`1.ViaFactory(LazyThreadSafetyMode mode)
--- End of stack trace from previous location ---
   at System.Lazy`1.CreateValue()
   at System.Lazy`1.get_Value()
   at Microsoft.Extensions.Options.OptionsCache`1.GetOrAdd[TArg](String name, Func`3 createOptions, TArg factoryArgument)
   at Microsoft.Extensions.Options.OptionsMonitor`1.Get(String name)
   at Microsoft.AspNetCore.Authentication.AuthenticationHandler`1.InitializeAsync(AuthenticationScheme scheme, HttpContext context)
   at Microsoft.AspNetCore.Authentication.AuthenticationHandlerProvider.GetHandlerAsync(HttpContext context, String authenticationScheme)
   at Microsoft.AspNetCore.Authentication.AuthenticationService.AuthenticateAsync(HttpContext context, String scheme)
   at Microsoft.AspNetCore.Authentication.AuthenticationMiddleware.Invoke(HttpContext context)
   at Serilog.AspNetCore.RequestLoggingMiddleware.Invoke(HttpContext httpContext)
2025-05-02 03:34:06.917 +00:00 [ERR] An unhandled exception has occurred while executing the request.
System.ArgumentNullException: String reference not set to an instance of a String. (Parameter 's')
   at System.Text.Encoding.GetBytes(String s)
   at System.Text.UTF8Encoding.UTF8EncodingSealed.GetBytes(String s)
   at Program.<>c__DisplayClass0_0.<<Main>$>b__3(JwtBearerOptions options) in /home/coder/project/workspace/dotnetapp/Program.cs:line 69
   at Microsoft.Extensions.Options.ConfigureNamedOptions`1.Configure(String name, TOptions options)
   at Microsoft.Extensions.Options.OptionsFactory`1.Create(String name)
   at Microsoft.Extensions.Options.OptionsMonitor`1.<>c.<Get>b__10_0(String name, IOptionsFactory`1 factory)
   at Microsoft.Extensions.Options.OptionsCache`1.<>c__DisplayClass3_1`1.<GetOrAdd>b__2()
   at System.Lazy`1.ViaFactory(LazyThreadSafetyMode mode)
--- End of stack trace from previous location ---
   at System.Lazy`1.CreateValue()
   at System.Lazy`1.get_Value()
   at Microsoft.Extensions.Options.OptionsCache`1.GetOrAdd[TArg](String name, Func`3 createOptions, TArg factoryArgument)
   at Microsoft.Extensions.Options.OptionsMonitor`1.Get(String name)
   at Microsoft.AspNetCore.Authentication.AuthenticationHandler`1.InitializeAsync(AuthenticationScheme scheme, HttpContext context)
   at Microsoft.AspNetCore.Authentication.AuthenticationHandlerProvider.GetHandlerAsync(HttpContext context, String authenticationScheme)
   at Microsoft.AspNetCore.Authentication.AuthenticationService.AuthenticateAsync(HttpContext context, String scheme)
   at Microsoft.AspNetCore.Authentication.AuthenticationMiddleware.Invoke(HttpContext context)
   at Serilog.AspNetCore.RequestLoggingMiddleware.Invoke(HttpContext httpContext)
   at Swashbuckle.AspNetCore.SwaggerUI.SwaggerUIMiddleware.Invoke(HttpContext httpContext)
   at Swashbuckle.AspNetCore.Swagger.SwaggerMiddleware.Invoke(HttpContext httpContext, ISwaggerProvider swaggerProvider)
   at Microsoft.AspNetCore.Diagnostics.DeveloperExceptionPageMiddleware.Invoke(HttpContext context)
2025-05-02 03:34:06.918 +00:00 [INF] Request finished HTTP/1.1 POST http://localhost:8080/api/register application/json;+charset=utf-8 197 - 500 - text/plain;+charset=utf-8 1.7785ms
2025-05-02 03:34:06.918 +00:00 [INF] Request starting HTTP/1.1 POST http://localhost:8080/api/login application/json;+charset=utf-8 88
2025-05-02 03:34:06.919 +00:00 [ERR] HTTP POST /api/login responded 500 in 0.2594 ms
System.ArgumentNullException: String reference not set to an instance of a String. (Parameter 's')
   at System.Text.Encoding.GetBytes(String s)
   at System.Text.UTF8Encoding.UTF8EncodingSealed.GetBytes(String s)
   at Program.<>c__DisplayClass0_0.<<Main>$>b__3(JwtBearerOptions options) in /home/coder/project/workspace/dotnetapp/Program.cs:line 69
   at Microsoft.Extensions.Options.ConfigureNamedOptions`1.Configure(String name, TOptions options)
   at Microsoft.Extensions.Options.OptionsFactory`1.Create(String name)
   at Microsoft.Extensions.Options.OptionsMonitor`1.<>c.<Get>b__10_0(String name, IOptionsFactory`1 factory)
   at Microsoft.Extensions.Options.OptionsCache`1.<>c__DisplayClass3_1`1.<GetOrAdd>b__2()
   at System.Lazy`1.ViaFactory(LazyThreadSafetyMode mode)
--- End of stack trace from previous location ---
   at System.Lazy`1.CreateValue()
   at System.Lazy`1.get_Value()
   at Microsoft.Extensions.Options.OptionsCache`1.GetOrAdd[TArg](String name, Func`3 createOptions, TArg factoryArgument)
   at Microsoft.Extensions.Options.OptionsMonitor`1.Get(String name)
   at Microsoft.AspNetCore.Authentication.AuthenticationHandler`1.InitializeAsync(AuthenticationScheme scheme, HttpContext context)
   at Microsoft.AspNetCore.Authentication.AuthenticationHandlerProvider.GetHandlerAsync(HttpContext context, String authenticationScheme)
   at Microsoft.AspNetCore.Authentication.AuthenticationService.AuthenticateAsync(HttpContext context, String scheme)
   at Microsoft.AspNetCore.Authentication.AuthenticationMiddleware.Invoke(HttpContext context)
   at Serilog.AspNetCore.RequestLoggingMiddleware.Invoke(HttpContext httpContext)
2025-05-02 03:34:06.919 +00:00 [ERR] An unhandled exception has occurred while executing the request.
System.ArgumentNullException: String reference not set to an instance of a String. (Parameter 's')
   at System.Text.Encoding.GetBytes(String s)
   at System.Text.UTF8Encoding.UTF8EncodingSealed.GetBytes(String s)
   at Program.<>c__DisplayClass0_0.<<Main>$>b__3(JwtBearerOptions options) in /home/coder/project/workspace/dotnetapp/Program.cs:line 69
   at Microsoft.Extensions.Options.ConfigureNamedOptions`1.Configure(String name, TOptions options)
   at Microsoft.Extensions.Options.OptionsFactory`1.Create(String name)
   at Microsoft.Extensions.Options.OptionsMonitor`1.<>c.<Get>b__10_0(String name, IOptionsFactory`1 factory)
   at Microsoft.Extensions.Options.OptionsCache`1.<>c__DisplayClass3_1`1.<GetOrAdd>b__2()
   at System.Lazy`1.ViaFactory(LazyThreadSafetyMode mode)
--- End of stack trace from previous location ---
   at System.Lazy`1.CreateValue()
   at System.Lazy`1.get_Value()
   at Microsoft.Extensions.Options.OptionsCache`1.GetOrAdd[TArg](String name, Func`3 createOptions, TArg factoryArgument)
   at Microsoft.Extensions.Options.OptionsMonitor`1.Get(String name)
   at Microsoft.AspNetCore.Authentication.AuthenticationHandler`1.InitializeAsync(AuthenticationScheme scheme, HttpContext context)
   at Microsoft.AspNetCore.Authentication.AuthenticationHandlerProvider.GetHandlerAsync(HttpContext context, String authenticationScheme)
   at Microsoft.AspNetCore.Authentication.AuthenticationService.AuthenticateAsync(HttpContext context, String scheme)
   at Microsoft.AspNetCore.Authentication.AuthenticationMiddleware.Invoke(HttpContext context)
   at Serilog.AspNetCore.RequestLoggingMiddleware.Invoke(HttpContext httpContext)
   at Swashbuckle.AspNetCore.SwaggerUI.SwaggerUIMiddleware.Invoke(HttpContext httpContext)
   at Swashbuckle.AspNetCore.Swagger.SwaggerMiddleware.Invoke(HttpContext httpContext, ISwaggerProvider swaggerProvider)
   at Microsoft.AspNetCore.Diagnostics.DeveloperExceptionPageMiddleware.Invoke(HttpContext context)
2025-05-02 03:34:06.920 +00:00 [INF] Request finished HTTP/1.1 POST http://localhost:8080/api/login application/json;+charset=utf-8 88 - 500 - text/plain;+charset=utf-8 1.3485ms
2025-05-02 03:34:06.924 +00:00 [INF] Request starting HTTP/1.1 POST http://localhost:8080/api/register application/json;+charset=utf-8 197
2025-05-02 03:34:06.925 +00:00 [ERR] HTTP POST /api/register responded 500 in 0.2858 ms
System.ArgumentNullException: String reference not set to an instance of a String. (Parameter 's')
   at System.Text.Encoding.GetBytes(String s)
   at System.Text.UTF8Encoding.UTF8EncodingSealed.GetBytes(String s)
   at Program.<>c__DisplayClass0_0.<<Main>$>b__3(JwtBearerOptions options) in /home/coder/project/workspace/dotnetapp/Program.cs:line 69
   at Microsoft.Extensions.Options.ConfigureNamedOptions`1.Configure(String name, TOptions options)
   at Microsoft.Extensions.Options.OptionsFactory`1.Create(String name)
   at Microsoft.Extensions.Options.OptionsMonitor`1.<>c.<Get>b__10_0(String name, IOptionsFactory`1 factory)
   at Microsoft.Extensions.Options.OptionsCache`1.<>c__DisplayClass3_1`1.<GetOrAdd>b__2()
   at System.Lazy`1.ViaFactory(LazyThreadSafetyMode mode)
--- End of stack trace from previous location ---
   at System.Lazy`1.CreateValue()
   at System.Lazy`1.get_Value()
   at Microsoft.Extensions.Options.OptionsCache`1.GetOrAdd[TArg](String name, Func`3 createOptions, TArg factoryArgument)
   at Microsoft.Extensions.Options.OptionsMonitor`1.Get(String name)
   at Microsoft.AspNetCore.Authentication.AuthenticationHandler`1.InitializeAsync(AuthenticationScheme scheme, HttpContext context)
   at Microsoft.AspNetCore.Authentication.AuthenticationHandlerProvider.GetHandlerAsync(HttpContext context, String authenticationScheme)
   at Microsoft.AspNetCore.Authentication.AuthenticationService.AuthenticateAsync(HttpContext context, String scheme)
   at Microsoft.AspNetCore.Authentication.AuthenticationMiddleware.Invoke(HttpContext context)
   at Serilog.AspNetCore.RequestLoggingMiddleware.Invoke(HttpContext httpContext)
2025-05-02 03:34:06.925 +00:00 [ERR] An unhandled exception has occurred while executing the request.
System.ArgumentNullException: String reference not set to an instance of a String. (Parameter 's')
   at System.Text.Encoding.GetBytes(String s)
   at System.Text.UTF8Encoding.UTF8EncodingSealed.GetBytes(String s)
   at Program.<>c__DisplayClass0_0.<<Main>$>b__3(JwtBearerOptions options) in /home/coder/project/workspace/dotnetapp/Program.cs:line 69
   at Microsoft.Extensions.Options.ConfigureNamedOptions`1.Configure(String name, TOptions options)
   at Microsoft.Extensions.Options.OptionsFactory`1.Create(String name)
   at Microsoft.Extensions.Options.OptionsMonitor`1.<>c.<Get>b__10_0(String name, IOptionsFactory`1 factory)
   at Microsoft.Extensions.Options.OptionsCache`1.<>c__DisplayClass3_1`1.<GetOrAdd>b__2()
   at System.Lazy`1.ViaFactory(LazyThreadSafetyMode mode)
--- End of stack trace from previous location ---
   at System.Lazy`1.CreateValue()
   at System.Lazy`1.get_Value()
   at Microsoft.Extensions.Options.OptionsCache`1.GetOrAdd[TArg](String name, Func`3 createOptions, TArg factoryArgument)
   at Microsoft.Extensions.Options.OptionsMonitor`1.Get(String name)
   at Microsoft.AspNetCore.Authentication.AuthenticationHandler`1.InitializeAsync(AuthenticationScheme scheme, HttpContext context)
   at Microsoft.AspNetCore.Authentication.AuthenticationHandlerProvider.GetHandlerAsync(HttpContext context, String authenticationScheme)
   at Microsoft.AspNetCore.Authentication.AuthenticationService.AuthenticateAsync(HttpContext context, String scheme)
   at Microsoft.AspNetCore.Authentication.AuthenticationMiddleware.Invoke(HttpContext context)
   at Serilog.AspNetCore.RequestLoggingMiddleware.Invoke(HttpContext httpContext)
   at Swashbuckle.AspNetCore.SwaggerUI.SwaggerUIMiddleware.Invoke(HttpContext httpContext)
   at Swashbuckle.AspNetCore.Swagger.SwaggerMiddleware.Invoke(HttpContext httpContext, ISwaggerProvider swaggerProvider)
   at Microsoft.AspNetCore.Diagnostics.DeveloperExceptionPageMiddleware.Invoke(HttpContext context)
2025-05-02 03:34:06.926 +00:00 [INF] Request finished HTTP/1.1 POST http://localhost:8080/api/register application/json;+charset=utf-8 197 - 500 - text/plain;+charset=utf-8 1.7928ms
2025-05-02 03:34:06.926 +00:00 [INF] Request starting HTTP/1.1 POST http://localhost:8080/api/login application/json;+charset=utf-8 88
2025-05-02 03:34:06.927 +00:00 [ERR] HTTP POST /api/login responded 500 in 0.3361 ms
System.ArgumentNullException: String reference not set to an instance of a String. (Parameter 's')
   at System.Text.Encoding.GetBytes(String s)
   at System.Text.UTF8Encoding.UTF8EncodingSealed.GetBytes(String s)
   at Program.<>c__DisplayClass0_0.<<Main>$>b__3(JwtBearerOptions options) in /home/coder/project/workspace/dotnetapp/Program.cs:line 69
   at Microsoft.Extensions.Options.ConfigureNamedOptions`1.Configure(String name, TOptions options)
   at Microsoft.Extensions.Options.OptionsFactory`1.Create(String name)
   at Microsoft.Extensions.Options.OptionsMonitor`1.<>c.<Get>b__10_0(String name, IOptionsFactory`1 factory)
   at Microsoft.Extensions.Options.OptionsCache`1.<>c__DisplayClass3_1`1.<GetOrAdd>b__2()
   at System.Lazy`1.ViaFactory(LazyThreadSafetyMode mode)
--- End of stack trace from previous location ---
   at System.Lazy`1.CreateValue()
   at System.Lazy`1.get_Value()
   at Microsoft.Extensions.Options.OptionsCache`1.GetOrAdd[TArg](String name, Func`3 createOptions, TArg factoryArgument)
   at Microsoft.Extensions.Options.OptionsMonitor`1.Get(String name)
   at Microsoft.AspNetCore.Authentication.AuthenticationHandler`1.InitializeAsync(AuthenticationScheme scheme, HttpContext context)
   at Microsoft.AspNetCore.Authentication.AuthenticationHandlerProvider.GetHandlerAsync(HttpContext context, String authenticationScheme)
   at Microsoft.AspNetCore.Authentication.AuthenticationService.AuthenticateAsync(HttpContext context, String scheme)
   at Microsoft.AspNetCore.Authentication.AuthenticationMiddleware.Invoke(HttpContext context)
   at Serilog.AspNetCore.RequestLoggingMiddleware.Invoke(HttpContext httpContext)
2025-05-02 03:34:06.927 +00:00 [ERR] An unhandled exception has occurred while executing the request.
System.ArgumentNullException: String reference not set to an instance of a String. (Parameter 's')
   at System.Text.Encoding.GetBytes(String s)
   at System.Text.UTF8Encoding.UTF8EncodingSealed.GetBytes(String s)
   at Program.<>c__DisplayClass0_0.<<Main>$>b__3(JwtBearerOptions options) in /home/coder/project/workspace/dotnetapp/Program.cs:line 69
   at Microsoft.Extensions.Options.ConfigureNamedOptions`1.Configure(String name, TOptions options)
   at Microsoft.Extensions.Options.OptionsFactory`1.Create(String name)
   at Microsoft.Extensions.Options.OptionsMonitor`1.<>c.<Get>b__10_0(String name, IOptionsFactory`1 factory)
   at Microsoft.Extensions.Options.OptionsCache`1.<>c__DisplayClass3_1`1.<GetOrAdd>b__2()
   at System.Lazy`1.ViaFactory(LazyThreadSafetyMode mode)
--- End of stack trace from previous location ---
   at System.Lazy`1.CreateValue()
   at System.Lazy`1.get_Value()
   at Microsoft.Extensions.Options.OptionsCache`1.GetOrAdd[TArg](String name, Func`3 createOptions, TArg factoryArgument)
   at Microsoft.Extensions.Options.OptionsMonitor`1.Get(String name)
   at Microsoft.AspNetCore.Authentication.AuthenticationHandler`1.InitializeAsync(AuthenticationScheme scheme, HttpContext context)
   at Microsoft.AspNetCore.Authentication.AuthenticationHandlerProvider.GetHandlerAsync(HttpContext context, String authenticationScheme)
   at Microsoft.AspNetCore.Authentication.AuthenticationService.AuthenticateAsync(HttpContext context, String scheme)
   at Microsoft.AspNetCore.Authentication.AuthenticationMiddleware.Invoke(HttpContext context)
   at Serilog.AspNetCore.RequestLoggingMiddleware.Invoke(HttpContext httpContext)
   at Swashbuckle.AspNetCore.SwaggerUI.SwaggerUIMiddleware.Invoke(HttpContext httpContext)
   at Swashbuckle.AspNetCore.Swagger.SwaggerMiddleware.Invoke(HttpContext httpContext, ISwaggerProvider swaggerProvider)
   at Microsoft.AspNetCore.Diagnostics.DeveloperExceptionPageMiddleware.Invoke(HttpContext context)
2025-05-02 03:34:06.928 +00:00 [INF] Request finished HTTP/1.1 POST http://localhost:8080/api/login application/json;+charset=utf-8 88 - 500 - text/plain;+charset=utf-8 1.7841ms
