2025-04-30 13:06:20.349 +00:00 [INF] User profile is available. Using '/home/coder/.aspnet/DataProtection-Keys' as key repository; keys will not be encrypted at rest.
2025-04-30 13:06:20.382 +00:00 [INF] Creating key {6cfab646-eb74-48bc-aa59-02f12790e3ef} with creation date 2025-04-30 13:06:20Z, activation date 2025-04-30 13:06:20Z, and expiration date 2025-07-29 13:06:20Z.
2025-04-30 13:06:20.390 +00:00 [WRN] No XML encryptor configured. Key {6cfab646-eb74-48bc-aa59-02f12790e3ef} may be persisted to storage in unencrypted form.
2025-04-30 13:06:20.393 +00:00 [INF] Writing data to file '/home/coder/.aspnet/DataProtection-Keys/key-6cfab646-eb74-48bc-aa59-02f12790e3ef.xml'.
2025-04-30 13:06:20.481 +00:00 [INF] Now listening on: http://0.0.0.0:8080
2025-04-30 13:06:20.484 +00:00 [INF] Application started. Press Ctrl+C to shut down.
2025-04-30 13:06:20.484 +00:00 [INF] Hosting environment: Development
2025-04-30 13:06:20.484 +00:00 [INF] Content root path: /home/coder/project/workspace/dotnetapp/
2025-04-30 13:18:54.410 +00:00 [INF] Application is shutting down...
2025-04-30 13:21:45.589 +00:00 [WRN] No store type was specified for the decimal property 'Balance' on entity type 'Account'. This will cause values to be silently truncated if they do not fit in the default precision and scale. Explicitly specify the SQL server column type that can accommodate all the values in 'OnModelCreating' using 'HasColumnType', specify precision and scale using 'HasPrecision', or configure a value converter using 'HasConversion'.
2025-04-30 13:21:45.613 +00:00 [WRN] No store type was specified for the decimal property 'Amount' on entity type 'Transaction'. This will cause values to be silently truncated if they do not fit in the default precision and scale. Explicitly specify the SQL server column type that can accommodate all the values in 'OnModelCreating' using 'HasColumnType', specify precision and scale using 'HasPrecision', or configure a value converter using 'HasConversion'.
2025-04-30 13:21:45.722 +00:00 [INF] Entity Framework Core 6.0.0 initialized 'ApplicationDbContext' using provider 'Microsoft.EntityFrameworkCore.SqlServer:6.0.0' with options: None
2025-04-30 13:21:45.739 +00:00 [WRN] No store type was specified for the decimal property 'Balance' on entity type 'Account'. This will cause values to be silently truncated if they do not fit in the default precision and scale. Explicitly specify the SQL server column type that can accommodate all the values in 'OnModelCreating' using 'HasColumnType', specify precision and scale using 'HasPrecision', or configure a value converter using 'HasConversion'.
2025-04-30 13:21:45.739 +00:00 [WRN] No store type was specified for the decimal property 'Amount' on entity type 'Transaction'. This will cause values to be silently truncated if they do not fit in the default precision and scale. Explicitly specify the SQL server column type that can accommodate all the values in 'OnModelCreating' using 'HasColumnType', specify precision and scale using 'HasPrecision', or configure a value converter using 'HasConversion'.
2025-04-30 13:22:06.422 +00:00 [WRN] No store type was specified for the decimal property 'Balance' on entity type 'Account'. This will cause values to be silently truncated if they do not fit in the default precision and scale. Explicitly specify the SQL server column type that can accommodate all the values in 'OnModelCreating' using 'HasColumnType', specify precision and scale using 'HasPrecision', or configure a value converter using 'HasConversion'.
2025-04-30 13:22:06.447 +00:00 [WRN] No store type was specified for the decimal property 'Amount' on entity type 'Transaction'. This will cause values to be silently truncated if they do not fit in the default precision and scale. Explicitly specify the SQL server column type that can accommodate all the values in 'OnModelCreating' using 'HasColumnType', specify precision and scale using 'HasPrecision', or configure a value converter using 'HasConversion'.
2025-04-30 13:22:06.558 +00:00 [INF] Entity Framework Core 6.0.0 initialized 'ApplicationDbContext' using provider 'Microsoft.EntityFrameworkCore.SqlServer:6.0.0' with options: None
2025-04-30 13:22:07.238 +00:00 [WRN] No store type was specified for the decimal property 'Balance' on entity type 'Account'. This will cause values to be silently truncated if they do not fit in the default precision and scale. Explicitly specify the SQL server column type that can accommodate all the values in 'OnModelCreating' using 'HasColumnType', specify precision and scale using 'HasPrecision', or configure a value converter using 'HasConversion'.
2025-04-30 13:22:07.238 +00:00 [WRN] No store type was specified for the decimal property 'Amount' on entity type 'Transaction'. This will cause values to be silently truncated if they do not fit in the default precision and scale. Explicitly specify the SQL server column type that can accommodate all the values in 'OnModelCreating' using 'HasColumnType', specify precision and scale using 'HasPrecision', or configure a value converter using 'HasConversion'.
2025-04-30 13:22:07.716 +00:00 [INF] Executed DbCommand (425ms) [Parameters=[], CommandType='"Text"', CommandTimeout='60']
CREATE DATABASE [appdb];
2025-04-30 13:22:07.842 +00:00 [INF] Executed DbCommand (122ms) [Parameters=[], CommandType='"Text"', CommandTimeout='60']
IF SERVERPROPERTY('EngineEdition') <> 5
BEGIN
    ALTER DATABASE [appdb] SET READ_COMMITTED_SNAPSHOT ON;
END;
2025-04-30 13:22:07.865 +00:00 [INF] Executed DbCommand (8ms) [Parameters=[], CommandType='"Text"', CommandTimeout='30']
SELECT 1
2025-04-30 13:22:07.960 +00:00 [INF] Executed DbCommand (11ms) [Parameters=[], CommandType='"Text"', CommandTimeout='30']
CREATE TABLE [__EFMigrationsHistory] (
    [MigrationId] nvarchar(150) NOT NULL,
    [ProductVersion] nvarchar(32) NOT NULL,
    CONSTRAINT [PK___EFMigrationsHistory] PRIMARY KEY ([MigrationId])
);
2025-04-30 13:22:07.962 +00:00 [INF] Executed DbCommand (0ms) [Parameters=[], CommandType='"Text"', CommandTimeout='30']
SELECT 1
2025-04-30 13:22:07.985 +00:00 [INF] Executed DbCommand (18ms) [Parameters=[], CommandType='"Text"', CommandTimeout='30']
SELECT OBJECT_ID(N'[__EFMigrationsHistory]');
2025-04-30 13:22:07.999 +00:00 [INF] Executed DbCommand (12ms) [Parameters=[], CommandType='"Text"', CommandTimeout='30']
SELECT [MigrationId], [ProductVersion]
FROM [__EFMigrationsHistory]
ORDER BY [MigrationId];
2025-04-30 13:22:08.015 +00:00 [INF] Applying migration '20250430132145_InitialSetup'.
2025-04-30 13:22:08.055 +00:00 [INF] Executed DbCommand (3ms) [Parameters=[], CommandType='"Text"', CommandTimeout='30']
CREATE TABLE [Users] (
    [UserId] int NOT NULL IDENTITY,
    [Email] nvarchar(254) NOT NULL,
    [Password] nvarchar(100) NOT NULL,
    [Username] nvarchar(50) NOT NULL,
    [MobileNumber] nvarchar(15) NOT NULL,
    [UserRole] nvarchar(20) NOT NULL,
    CONSTRAINT [PK_Users] PRIMARY KEY ([UserId])
);
2025-04-30 13:22:08.058 +00:00 [INF] Executed DbCommand (3ms) [Parameters=[], CommandType='"Text"', CommandTimeout='30']
CREATE TABLE [Accounts] (
    [AccountId] int NOT NULL IDENTITY,
    [UserId] int NOT NULL,
    [AccountHolderName] nvarchar(100) NOT NULL,
    [AccountType] nvarchar(50) NOT NULL,
    [Balance] decimal(18,2) NOT NULL,
    [Status] nvarchar(50) NULL,
    [ProofOfIdentity] nvarchar(255) NOT NULL,
    [DateCreated] datetime2 NULL,
    [LastUpdated] datetime2 NULL,
    CONSTRAINT [PK_Accounts] PRIMARY KEY ([AccountId]),
    CONSTRAINT [FK_Accounts_Users_UserId] FOREIGN KEY ([UserId]) REFERENCES [Users] ([UserId]) ON DELETE CASCADE
);
2025-04-30 13:22:08.059 +00:00 [INF] Executed DbCommand (2ms) [Parameters=[], CommandType='"Text"', CommandTimeout='30']
CREATE TABLE [Feedbacks] (
    [FeedbackId] int NOT NULL IDENTITY,
    [UserId] int NOT NULL,
    [Comments] nvarchar(500) NOT NULL,
    [DateProvided] datetime2 NOT NULL,
    CONSTRAINT [PK_Feedbacks] PRIMARY KEY ([FeedbackId]),
    CONSTRAINT [FK_Feedbacks_Users_UserId] FOREIGN KEY ([UserId]) REFERENCES [Users] ([UserId]) ON DELETE CASCADE
);
2025-04-30 13:22:08.062 +00:00 [INF] Executed DbCommand (3ms) [Parameters=[], CommandType='"Text"', CommandTimeout='30']
CREATE TABLE [Transactions] (
    [TransactionId] int NOT NULL IDENTITY,
    [AccountId] int NOT NULL,
    [TransactionDate] datetime2 NOT NULL,
    [TransactionType] nvarchar(50) NOT NULL,
    [Amount] decimal(18,2) NOT NULL,
    [Status] nvarchar(50) NULL,
    [Description] nvarchar(255) NULL,
    CONSTRAINT [PK_Transactions] PRIMARY KEY ([TransactionId]),
    CONSTRAINT [FK_Transactions_Accounts_AccountId] FOREIGN KEY ([AccountId]) REFERENCES [Accounts] ([AccountId]) ON DELETE CASCADE
);
2025-04-30 13:22:08.063 +00:00 [INF] Executed DbCommand (1ms) [Parameters=[], CommandType='"Text"', CommandTimeout='30']
CREATE INDEX [IX_Accounts_UserId] ON [Accounts] ([UserId]);
2025-04-30 13:22:08.063 +00:00 [INF] Executed DbCommand (1ms) [Parameters=[], CommandType='"Text"', CommandTimeout='30']
CREATE INDEX [IX_Feedbacks_UserId] ON [Feedbacks] ([UserId]);
2025-04-30 13:22:08.064 +00:00 [INF] Executed DbCommand (1ms) [Parameters=[], CommandType='"Text"', CommandTimeout='30']
CREATE INDEX [IX_Transaction_AccountId] ON [Transactions] ([AccountId]);
2025-04-30 13:22:08.071 +00:00 [INF] Executed DbCommand (6ms) [Parameters=[], CommandType='"Text"', CommandTimeout='30']
INSERT INTO [__EFMigrationsHistory] ([MigrationId], [ProductVersion])
VALUES (N'20250430132145_InitialSetup', N'6.0.0');
